
2024-08-21 12:19:11 /home/bitrix/ext_www/yugkabel.ru/inc/ajax/generateCode.php (36)
СМС текс: 247

2024-08-22 07:34:25 /home/bitrix/ext_www/yugkabel.ru/inc/ajax/generateCode.php (36)
СМС текс: 196

2024-08-22 12:29:57 /home/bitrix/ext_www/yugkabel.ru/inc/ajax/generateCode.php (36)
СМС на номер 9627647868: 220

2024-08-22 12:36:11 /home/bitrix/ext_www/yugkabel.ru/inc/ajax/generateCode.php (36)
СМС на номер 9272157157: 181

2024-08-22 12:52:22 /home/bitrix/ext_www/yugkabel.ru/bitrix/templates/aspro_max/components/bitrix/sale.order.ajax/new_order_SKLADI/confirm.php (46)
СМС на номер +79183677701: Вы создали заказ №183119 на сумму 312.45 руб. Наш сотрудник свяжется с вами в течении 30 минут

2024-08-22 12:57:32 /home/bitrix/ext_www/yugkabel.ru/inc/ajax/generateCode.php (36)
СМС на номер 9178562538: 213

2024-08-22 13:22:18 /home/bitrix/ext_www/yugkabel.ru/inc/ajax/generateCode.php (36)
СМС на номер 9186942701: 238

2024-08-22 13:32:26 /home/bitrix/ext_www/yugkabel.ru/bitrix/templates/aspro_max/components/bitrix/sale.order.ajax/new_order_SKLADI/confirm.php (46)
СМС на номер +9186942701: Вы создали заказ №183125 на сумму 291.68 руб. Наш сотрудник свяжется с вами в течении 30 минут

2024-08-22 13:45:10 /home/bitrix/ext_www/yugkabel.ru/inc/ajax/generateCode.php (36)
СМС на номер 9086968906: 242

2024-08-22 13:50:29 /home/bitrix/ext_www/yugkabel.ru/bitrix/templates/aspro_max/components/bitrix/sale.order.ajax/new_order_SKLADI/confirm.php (46)
СМС на номер +79034544757: Вы создали заказ №183131 на сумму 372.53 руб. Наш сотрудник свяжется с вами в течении 30 минут

2024-08-22 14:01:47 /home/bitrix/ext_www/yugkabel.ru/bitrix/templates/aspro_max/components/bitrix/sale.order.ajax/new_order_SKLADI/confirm.php (46)
СМС на номер +79280404671: Вы создали заказ №183132 на сумму 25996.75 руб. Наш сотрудник свяжется с вами в течении 30 минут

2024-08-22 14:27:40 /home/bitrix/ext_www/yugkabel.ru/bitrix/templates/aspro_max/components/bitrix/sale.order.ajax/new_order_SKLADI/confirm.php (46)
СМС на номер +79184397097: Вы создали заказ №183138 на сумму 2040.49 руб. Наш сотрудник свяжется с вами в течении 30 минут

2024-08-22 16:16:13 /home/bitrix/ext_www/yugkabel.ru/bitrix/templates/aspro_max/components/bitrix/sale.order.ajax/new_order_SKLADI/confirm.php (46)
СМС на номер +9054955018: Вы создали заказ №183155 на сумму 13190.02 руб. Наш сотрудник свяжется с вами в течении 30 минут

2024-08-22 16:16:29 /home/bitrix/ext_www/yugkabel.ru/bitrix/templates/aspro_max/components/bitrix/sale.order.ajax/new_order_SKLADI/confirm.php (46)
СМС на номер +9054955018: Вы создали заказ №183155 на сумму 13190.02 руб. Наш сотрудник свяжется с вами в течении 30 минут

2024-08-22 19:29:04 /home/bitrix/ext_www/yugkabel.ru/bitrix/templates/aspro_max/components/bitrix/sale.order.ajax/new_order_SKLADI/confirm.php (46)
СМС на номер +79528748623: Вы создали заказ №183174 на сумму 2444.4 руб. Наш сотрудник свяжется с вами завтра с 8 до 9 часов утра

2024-08-22 19:36:25 /home/bitrix/ext_www/yugkabel.ru/bitrix/templates/aspro_max/components/bitrix/sale.order.ajax/new_order_SKLADI/confirm.php (46)
СМС на номер +79528748623: Вы создали заказ №183175 на сумму 134.35 руб. Наш сотрудник свяжется с вами завтра с 8 до 9 часов утра

2024-08-22 22:53:34 /home/bitrix/ext_www/yugkabel.ru/bitrix/templates/aspro_max/components/bitrix/sale.order.ajax/new_order_SKLADI/confirm.php (46)
СМС на номер +9183647755: Вы создали заказ №183176 на сумму 2667.95 руб. Наш сотрудник свяжется с вами завтра с 8 до 9 часов утра

2024-08-23 06:37:31 /home/bitrix/ext_www/yugkabel.ru/bitrix/templates/aspro_max/components/bitrix/sale.order.ajax/new_order_SKLADI/confirm.php (46)
СМС на номер +79528748623: Вы создали заказ №183177 на сумму 209.6 руб. Наш сотрудник свяжется с вами утром с 8 до 9 часов

2024-08-23 09:48:36 /home/bitrix/ext_www/yugkabel.ru/bitrix/templates/aspro_max/components/bitrix/sale.order.ajax/new_order_SKLADI/confirm.php (46)
СМС на номер +79034532266: Вы создали заказ №183213 на сумму 830.56 руб. Наш сотрудник свяжется с вами в течении 30 минут

2024-08-23 09:49:19 /home/bitrix/ext_www/yugkabel.ru/bitrix/templates/aspro_max/components/bitrix/sale.order.ajax/new_order_SKLADI/confirm.php (46)
СМС на номер +79528308422: Вы создали заказ №183214 на сумму 17454.72 руб. Наш сотрудник свяжется с вами в течении 30 минут

2024-08-23 09:52:03 /home/bitrix/ext_www/yugkabel.ru/bitrix/templates/aspro_max/components/bitrix/sale.order.ajax/new_order_SKLADI/confirm.php (46)
СМС на номер +79184397097: Вы создали заказ №183215 на сумму 2.7 руб. Наш сотрудник свяжется с вами в течении 30 минут

2024-08-23 10:05:28 /home/bitrix/ext_www/yugkabel.ru/bitrix/templates/aspro_max/components/bitrix/sale.order.ajax/new_order_SKLADI/confirm.php (46)
СМС на номер +79184397097: Вы создали заказ №183218 на сумму 66.45 руб. Наш сотрудник свяжется с вами в течении 30 минут

2024-08-23 10:11:22 /home/bitrix/ext_www/yugkabel.ru/bitrix/templates/aspro_max/components/bitrix/sale.order.ajax/new_order_SKLADI/confirm.php (46)
СМС на номер +79182300530: Вы создали заказ №183221 на сумму 2842.64 руб. Наш сотрудник свяжется с вами в течении 30 минут

2024-08-23 10:19:09 /home/bitrix/ext_www/yugkabel.ru/inc/ajax/generateCode.php (36)
СМС на номер 9774642669: 220

2024-08-23 10:34:17 /home/bitrix/ext_www/yugkabel.ru/bitrix/templates/aspro_max/components/bitrix/sale.order.ajax/new_order_SKLADI/confirm.php (46)
СМС на номер +79034587885: Вы создали заказ №183233 на сумму 23799.78 руб. Наш сотрудник свяжется с вами в течении 30 минут

2024-08-23 11:28:45 /home/bitrix/ext_www/yugkabel.ru/bitrix/templates/aspro_max/components/bitrix/sale.order.ajax/new_order_SKLADI/confirm.php (46)
СМС на номер +79180763825: Вы создали заказ №183240 на сумму 1655.46 руб. Наш сотрудник свяжется с вами в течении 30 минут

2024-08-23 12:29:42 /home/bitrix/ext_www/yugkabel.ru/bitrix/templates/aspro_max/components/bitrix/sale.order.ajax/new_order_SKLADI/confirm.php (46)
СМС на номер +79183187536: Вы создали заказ №183255 на сумму 13458.69 руб. Наш сотрудник свяжется с вами в течении 30 минут

2024-08-23 14:17:37 /home/bitrix/ext_www/yugkabel.ru/inc/ajax/generateCode.php (36)
СМС на номер 9178562538: 213

2024-08-23 14:18:19 /home/bitrix/ext_www/yugkabel.ru/bitrix/templates/aspro_max/components/bitrix/sale.order.ajax/new_order_SKLADI/confirm.php (46)
СМС на номер +79898126737: Вы создали заказ №183272 на сумму 2242.63 руб. Наш сотрудник свяжется с вами в течении 30 минут

2024-08-23 14:38:26 /home/bitrix/ext_www/yugkabel.ru/bitrix/templates/aspro_max/components/bitrix/sale.order.ajax/new_order_SKLADI/confirm.php (46)
СМС на номер +79528308422: Вы создали заказ №183214 на сумму 17454.72 руб. Наш сотрудник свяжется с вами в течении 30 минут

2024-08-23 15:05:01 /home/bitrix/ext_www/yugkabel.ru/bitrix/templates/aspro_max/components/bitrix/sale.order.ajax/new_order_SKLADI/confirm.php (46)
СМС на номер +9614827879: Вы создали заказ №183277 на сумму 231.86 руб. Наш сотрудник свяжется с вами в течении 30 минут

2024-08-23 16:26:01 /home/bitrix/ext_www/yugkabel.ru/bitrix/templates/aspro_max/components/bitrix/sale.order.ajax/new_order_SKLADI/confirm.php (46)
СМС на номер +79892877561: Вы создали заказ №183294 на сумму 106801.2 руб. Наш сотрудник свяжется с вами в течении 30 минут

2024-08-24 08:46:13 /home/bitrix/ext_www/yugkabel.ru/bitrix/templates/aspro_max/components/bitrix/sale.order.ajax/new_order_SKLADI/confirm.php (46)
СМС на номер +79528748623: Вы создали заказ №183312 на сумму 984.55 руб. Наш сотрудник свяжется с вами в течении 30 минут

2024-08-24 09:31:00 /home/bitrix/ext_www/yugkabel.ru/bitrix/templates/aspro_max/components/bitrix/sale.order.ajax/new_order_SKLADI/confirm.php (46)
СМС на номер +79528748623: Вы создали заказ №183319 на сумму 434.23 руб. Наш сотрудник свяжется с вами в течении 30 минут

2024-08-24 13:15:42 /home/bitrix/ext_www/yugkabel.ru/bitrix/templates/aspro_max/components/bitrix/sale.order.ajax/new_order_SKLADI/confirm.php (46)
СМС на номер +79183748023: Вы создали заказ №183374 на сумму 30690.71 руб. Наш сотрудник свяжется с вами в течении 30 минут

2024-08-24 13:24:48 /home/bitrix/ext_www/yugkabel.ru/bitrix/templates/aspro_max/components/bitrix/sale.order.ajax/new_order_SKLADI/confirm.php (46)
СМС на номер +79183748023: Вы создали заказ №183376 на сумму 8061.61 руб. Наш сотрудник свяжется с вами в течении 30 минут

2024-08-24 15:39:31 /home/bitrix/ext_www/yugkabel.ru/bitrix/templates/aspro_max/components/bitrix/sale.order.ajax/new_order_SKLADI/confirm.php (46)
СМС на номер +79180759886: Вы создали заказ №183400 на сумму 29005.04 руб. Наш сотрудник свяжется с вами в течении 30 минут

2024-08-24 17:01:22 /home/bitrix/ext_www/yugkabel.ru/bitrix/templates/aspro_max/components/bitrix/sale.order.ajax/new_order_SKLADI/confirm.php (46)
СМС на номер +9184437949: Вы создали заказ №183410 на сумму 71466.62 руб. Наш сотрудник свяжется с вами в течении 30 минут

2024-08-24 17:39:57 /home/bitrix/ext_www/yugkabel.ru/bitrix/templates/aspro_max/components/bitrix/sale.order.ajax/new_order_SKLADI/confirm.php (46)
СМС на номер +79528748623: Вы создали заказ №183417 на сумму 752.93 руб. Наш сотрудник свяжется с вами завтра с 8 до 9 часов утра

2024-08-24 17:45:27 /home/bitrix/ext_www/yugkabel.ru/bitrix/templates/aspro_max/components/bitrix/sale.order.ajax/new_order_SKLADI/confirm.php (46)
СМС на номер +79034532266: Вы создали заказ №183213 на сумму 830.56 руб. Наш сотрудник свяжется с вами завтра с 8 до 9 часов утра

2024-08-24 17:56:20 /home/bitrix/ext_www/yugkabel.ru/bitrix/templates/aspro_max/components/bitrix/sale.order.ajax/new_order_SKLADI/confirm.php (46)
СМС на номер +79183126975: Вы создали заказ №183421 на сумму 197.88 руб. Наш сотрудник свяжется с вами завтра с 8 до 9 часов утра

2024-08-24 17:56:44 /home/bitrix/ext_www/yugkabel.ru/bitrix/templates/aspro_max/components/bitrix/sale.order.ajax/new_order_SKLADI/confirm.php (46)
СМС на номер +79183126975: Вы создали заказ №183421 на сумму 197.88 руб. Наш сотрудник свяжется с вами завтра с 8 до 9 часов утра

2024-08-24 17:58:46 /home/bitrix/ext_www/yugkabel.ru/bitrix/templates/aspro_max/components/bitrix/sale.order.ajax/new_order_SKLADI/confirm.php (46)
СМС на номер +79183126975: Вы создали заказ №183422 на сумму 187.98 руб. Наш сотрудник свяжется с вами завтра с 8 до 9 часов утра

2024-08-24 21:04:12 /home/bitrix/ext_www/yugkabel.ru/bitrix/templates/aspro_max/components/bitrix/sale.order.ajax/new_order_SKLADI/confirm.php (46)
СМС на номер +79284705831: Вы создали заказ №183423 на сумму 2063.97 руб. Наш сотрудник свяжется с вами завтра с 8 до 9 часов утра

2024-08-24 21:04:35 /home/bitrix/ext_www/yugkabel.ru/bitrix/templates/aspro_max/components/bitrix/sale.order.ajax/new_order_SKLADI/confirm.php (46)
СМС на номер +79284705831: Вы создали заказ №183423 на сумму 2063.97 руб. Наш сотрудник свяжется с вами завтра с 8 до 9 часов утра

2024-08-25 02:37:23 /home/bitrix/ext_www/yugkabel.ru/inc/ajax/generateCode.php (36)
СМС на номер 9137449197: 207

2024-08-25 03:06:27 /home/bitrix/ext_www/yugkabel.ru/inc/ajax/generateCode.php (36)
СМС на номер 9999658197: 225

2024-08-25 08:43:00 /home/bitrix/ext_www/yugkabel.ru/bitrix/templates/aspro_max/components/bitrix/sale.order.ajax/new_order_SKLADI/confirm.php (46)
СМС на номер +79528748623: Вы создали заказ №183433 на сумму 2274.46 руб. Наш сотрудник свяжется с вами в течении 30 минут

2024-08-25 09:21:05 /home/bitrix/ext_www/yugkabel.ru/inc/ajax/generateCode.php (36)
СМС на номер 9384178474: 187

2024-08-25 09:36:28 /home/bitrix/ext_www/yugkabel.ru/bitrix/templates/aspro_max/components/bitrix/sale.order.ajax/new_order_SKLADI/confirm.php (46)
СМС на номер +79180174299: Вы создали заказ №183438 на сумму 532.55 руб. Наш сотрудник свяжется с вами в течении 30 минут

2024-08-25 10:01:50 /home/bitrix/ext_www/yugkabel.ru/bitrix/templates/aspro_max/components/bitrix/sale.order.ajax/new_order_SKLADI/confirm.php (46)
СМС на номер +79183400962: Вы создали заказ №183445 на сумму 10647.43 руб. Наш сотрудник свяжется с вами в течении 30 минут

2024-08-25 11:07:41 /home/bitrix/ext_www/yugkabel.ru/bitrix/templates/aspro_max/components/bitrix/sale.order.ajax/new_order_SKLADI/confirm.php (46)
СМС на номер +9002511938: Вы создали заказ №183457 на сумму 270.86 руб. Наш сотрудник свяжется с вами в течении 30 минут

2024-08-25 15:03:31 /home/bitrix/ext_www/yugkabel.ru/inc/ajax/generateCode.php (36)
СМС на номер 9883317288: 192

2024-08-25 15:06:57 /home/bitrix/ext_www/yugkabel.ru/bitrix/templates/aspro_max/components/bitrix/sale.order.ajax/new_order_SKLADI/confirm.php (46)
СМС на номер +9883317288: Вы создали заказ №183491 на сумму 1978.9 руб. Наш сотрудник свяжется с вами в течении 30 минут

2024-08-25 15:26:10 /home/bitrix/ext_www/yugkabel.ru/bitrix/templates/aspro_max/components/bitrix/sale.order.ajax/new_order_SKLADI/confirm.php (46)
СМС на номер +9108956574: Вы создали заказ №183493 на сумму 3159 руб. Наш сотрудник свяжется с вами в течении 30 минут

2024-08-25 15:29:13 /home/bitrix/ext_www/yugkabel.ru/bitrix/templates/aspro_max/components/bitrix/sale.order.ajax/new_order_SKLADI/confirm.php (46)
СМС на номер +79180245939: Вы создали заказ №183494 на сумму 9017.12 руб. Наш сотрудник свяжется с вами в течении 30 минут

2024-08-25 16:37:03 /home/bitrix/ext_www/yugkabel.ru/bitrix/templates/aspro_max/components/bitrix/sale.order.ajax/new_order_SKLADI/confirm.php (46)
СМС на номер +9280391569: Вы создали заказ №183498 на сумму 867.4 руб. Наш сотрудник свяжется с вами в течении 30 минут

2024-08-25 16:44:04 /home/bitrix/ext_www/yugkabel.ru/bitrix/templates/aspro_max/components/bitrix/sale.order.ajax/new_order_SKLADI/confirm.php (46)
СМС на номер +79882402771: Вы создали заказ №183499 на сумму 194.02 руб. Наш сотрудник свяжется с вами в течении 30 минут

2024-08-25 17:25:59 /home/bitrix/ext_www/yugkabel.ru/bitrix/templates/aspro_max/components/bitrix/sale.order.ajax/new_order_SKLADI/confirm.php (46)
СМС на номер +79528748623: Вы создали заказ №183501 на сумму 611.1 руб. Наш сотрудник свяжется с вами в течении 30 минут

2024-08-26 01:43:33 /home/bitrix/ext_www/yugkabel.ru/inc/ajax/generateCode.php (36)
СМС на номер 9189994863: 254

2024-08-26 10:02:46 /home/bitrix/ext_www/yugkabel.ru/bitrix/templates/aspro_max/components/bitrix/sale.order.ajax/new_order_SKLADI/confirm.php (46)
СМС на номер +79184833338: Вы создали заказ №183532 на сумму 245.99 руб. Наш сотрудник свяжется с вами в течении 30 минут

2024-08-26 10:15:39 /home/bitrix/ext_www/yugkabel.ru/bitrix/templates/aspro_max/components/bitrix/sale.order.ajax/new_order_SKLADI/confirm.php (46)
СМС на номер +79280404671: Вы создали заказ №183537 на сумму 2296.67 руб. Наш сотрудник свяжется с вами в течении 30 минут

2024-08-26 11:20:51 /home/bitrix/ext_www/yugkabel.ru/inc/ajax/generateCode.php (36)
СМС на номер 9189992333: 251

2024-08-26 11:40:46 /home/bitrix/ext_www/yugkabel.ru/inc/ajax/generateCode.php (36)
СМС на номер 9652308085: 190

2024-08-26 11:41:29 /home/bitrix/ext_www/yugkabel.ru/bitrix/templates/aspro_max/components/bitrix/sale.order.ajax/new_order_SKLADI/confirm.php (46)
СМС на номер +9652308085: Вы создали заказ №183550 на сумму 13098 руб. Наш сотрудник свяжется с вами в течении 30 минут

2024-08-26 14:23:12 /home/bitrix/ext_www/yugkabel.ru/bitrix/templates/aspro_max/components/bitrix/sale.order.ajax/new_order_SKLADI/confirm.php (46)
СМС на номер +9184437949: Вы создали заказ №183580 на сумму 12015.15 руб. Наш сотрудник свяжется с вами в течении 30 минут

2024-08-26 14:25:21 /home/bitrix/ext_www/yugkabel.ru/bitrix/templates/aspro_max/components/bitrix/sale.order.ajax/new_order_SKLADI/confirm.php (46)
СМС на номер +79282826375: Вы создали заказ №183581 на сумму 1106.46 руб. Наш сотрудник свяжется с вами в течении 30 минут

2024-08-26 14:41:33 /home/bitrix/ext_www/yugkabel.ru/bitrix/templates/aspro_max/components/bitrix/sale.order.ajax/new_order_SKLADI/confirm.php (46)
СМС на номер +79615057565: Вы создали заказ №183586 на сумму 35.12 руб. Наш сотрудник свяжется с вами в течении 30 минут

2024-08-26 14:41:34 /home/bitrix/ext_www/yugkabel.ru/bitrix/templates/aspro_max/components/bitrix/sale.order.ajax/new_order_SKLADI/confirm.php (46)
СМС на номер +79615057565: Вы создали заказ №183586 на сумму 35.12 руб. Наш сотрудник свяжется с вами в течении 30 минут

2024-08-26 14:45:11 /home/bitrix/ext_www/yugkabel.ru/bitrix/templates/aspro_max/components/bitrix/sale.order.ajax/new_order_SKLADI/confirm.php (46)
СМС на номер +79148859583: Вы создали заказ №183588 на сумму 4764.45 руб. Наш сотрудник свяжется с вами в течении 30 минут

2024-08-26 14:47:12 /home/bitrix/ext_www/yugkabel.ru/bitrix/templates/aspro_max/components/bitrix/sale.order.ajax/new_order_SKLADI/confirm.php (46)
СМС на номер +79184670080: Вы создали заказ №183589 на сумму 1676.06 руб. Наш сотрудник свяжется с вами в течении 30 минут

2024-08-26 15:27:18 /home/bitrix/ext_www/yugkabel.ru/bitrix/templates/aspro_max/components/bitrix/sale.order.ajax/new_order_SKLADI/confirm.php (46)
СМС на номер +9284243333: Вы создали заказ №183603 на сумму 873 руб. Наш сотрудник свяжется с вами в течении 30 минут

2024-08-26 17:35:28 /home/bitrix/ext_www/yugkabel.ru/bitrix/templates/aspro_max/components/bitrix/sale.order.ajax/new_order_SKLADI/confirm.php (46)
СМС на номер +79528308422: Вы создали заказ №183625 на сумму 10542.99 руб. Наш сотрудник свяжется с вами в течении 30 минут

2024-08-26 23:52:12 /home/bitrix/ext_www/yugkabel.ru/bitrix/templates/aspro_max/components/bitrix/sale.order.ajax/new_order_SKLADI/confirm.php (46)
СМС на номер +79148859583: Вы создали заказ №183630 на сумму 8342 руб. Наш сотрудник свяжется с вами завтра с 8 до 9 часов утра

2024-08-27 07:50:03 /home/bitrix/ext_www/yugkabel.ru/bitrix/templates/aspro_max/components/bitrix/sale.order.ajax/new_order_SKLADI/confirm.php (46)
СМС на номер +79181206582: Вы создали заказ №183631 на сумму 59.29 руб. Наш сотрудник свяжется с вами утром с 8 до 9 часов

2024-08-27 08:08:49 /home/bitrix/ext_www/yugkabel.ru/bitrix/templates/aspro_max/components/bitrix/sale.order.ajax/new_order_SKLADI/confirm.php (46)
СМС на номер +79676555005: Вы создали заказ №183634 на сумму 414.05 руб. Наш сотрудник свяжется с вами в течении 30 минут

2024-08-27 09:27:42 /home/bitrix/ext_www/yugkabel.ru/bitrix/templates/aspro_max/components/bitrix/sale.order.ajax/new_order_SKLADI/confirm.php (46)
СМС на номер +79094534993: Вы создали заказ №183661 на сумму 488.18 руб. Наш сотрудник свяжется с вами в течении 30 минут

2024-08-27 09:35:56 /home/bitrix/ext_www/yugkabel.ru/inc/ajax/generateCode.php (36)
СМС на номер 9673077793: 181

2024-08-27 09:52:12 /home/bitrix/ext_www/yugkabel.ru/bitrix/templates/aspro_max/components/bitrix/sale.order.ajax/new_order_SKLADI/confirm.php (46)
СМС на номер +79280381334: Вы создали заказ №183669 на сумму 3016.97 руб. Наш сотрудник свяжется с вами в течении 30 минут

2024-08-27 11:24:16 /home/bitrix/ext_www/yugkabel.ru/bitrix/templates/aspro_max/components/bitrix/sale.order.ajax/new_order_SKLADI/confirm.php (46)
СМС на номер +79282107035: Вы создали заказ №183694 на сумму 1425.66 руб. Наш сотрудник свяжется с вами в течении 30 минут

2024-08-27 12:56:41 /home/bitrix/ext_www/yugkabel.ru/bitrix/templates/aspro_max/components/bitrix/sale.order.ajax/new_order_SKLADI/confirm.php (46)
СМС на номер +79181206582: Вы создали заказ №183710 на сумму 299.17 руб. Наш сотрудник свяжется с вами в течении 30 минут

2024-08-27 13:52:59 /home/bitrix/ext_www/yugkabel.ru/bitrix/templates/aspro_max/components/bitrix/sale.order.ajax/new_order_SKLADI/confirm.php (46)
СМС на номер +79094551176: Вы создали заказ №183722 на сумму 954.19 руб. Наш сотрудник свяжется с вами в течении 30 минут

2024-08-27 14:37:21 /home/bitrix/ext_www/yugkabel.ru/bitrix/templates/aspro_max/components/bitrix/sale.order.ajax/new_order_SKLADI/confirm.php (46)
СМС на номер +79180174299: Вы создали заказ №183733 на сумму 638.15 руб. Наш сотрудник свяжется с вами в течении 30 минут

2024-08-27 18:31:28 /home/bitrix/ext_www/yugkabel.ru/bitrix/templates/aspro_max/components/bitrix/sale.order.ajax/new_order_SKLADI/confirm.php (46)
СМС на номер +79649370012: Вы создали заказ №183780 на сумму 10.5 руб. Наш сотрудник свяжется с вами завтра с 8 до 9 часов утра

2024-08-27 18:38:55 /home/bitrix/ext_www/yugkabel.ru/inc/ajax/generateCode.php (36)
СМС на номер 9676669867: 224

2024-08-27 18:40:11 /home/bitrix/ext_www/yugkabel.ru/bitrix/templates/aspro_max/components/bitrix/sale.order.ajax/new_order_SKLADI/confirm.php (46)
СМС на номер +9676669867: Вы создали заказ №183781 на сумму 4562.47 руб. Наш сотрудник свяжется с вами завтра с 8 до 9 часов утра

2024-08-27 20:27:09 /home/bitrix/ext_www/yugkabel.ru/bitrix/templates/aspro_max/components/bitrix/sale.order.ajax/new_order_SKLADI/confirm.php (46)
СМС на номер +79182300530: Вы создали заказ №183782 на сумму 10127.1 руб. Наш сотрудник свяжется с вами завтра с 8 до 9 часов утра

2024-08-27 20:51:54 /home/bitrix/ext_www/yugkabel.ru/bitrix/templates/aspro_max/components/bitrix/sale.order.ajax/new_order_SKLADI/confirm.php (46)
СМС на номер +79147838142: Вы создали заказ №183783 на сумму 3794.32 руб. Наш сотрудник свяжется с вами завтра с 8 до 9 часов утра

2024-08-27 20:56:46 /home/bitrix/ext_www/yugkabel.ru/bitrix/templates/aspro_max/components/bitrix/sale.order.ajax/new_order_SKLADI/confirm.php (46)
СМС на номер +79649370012: Вы создали заказ №183784 на сумму 108.8 руб. Наш сотрудник свяжется с вами завтра с 8 до 9 часов утра

2024-08-27 21:47:49 /home/bitrix/ext_www/yugkabel.ru/bitrix/templates/aspro_max/components/bitrix/sale.order.ajax/new_order_SKLADI/confirm.php (46)
СМС на номер +79184418117: Вы создали заказ №183785 на сумму 470.57 руб. Наш сотрудник свяжется с вами завтра с 8 до 9 часов утра

2024-08-27 22:13:13 /home/bitrix/ext_www/yugkabel.ru/bitrix/templates/aspro_max/components/bitrix/sale.order.ajax/new_order_SKLADI/confirm.php (46)
СМС на номер +79530768936: Вы создали заказ №183786 на сумму 194.33 руб. Наш сотрудник свяжется с вами завтра с 8 до 9 часов утра

2024-08-28 07:46:45 /home/bitrix/ext_www/yugkabel.ru/bitrix/templates/aspro_max/components/bitrix/sale.order.ajax/new_order_SKLADI/confirm.php (46)
СМС на номер +79676626994: Вы создали заказ №183788 на сумму 144.9 руб. Наш сотрудник свяжется с вами утром с 8 до 9 часов

2024-08-28 08:56:26 /home/bitrix/ext_www/yugkabel.ru/inc/ajax/generateCode.php (36)
СМС на номер 9952070623: 174

2024-08-28 09:51:57 /home/bitrix/ext_www/yugkabel.ru/bitrix/templates/aspro_max/components/bitrix/sale.order.ajax/new_order_SKLADI/confirm.php (46)
СМС на номер +79054752939: Вы создали заказ №183811 на сумму 540.58 руб. Наш сотрудник свяжется с вами в течении 30 минут

2024-08-28 10:55:02 /home/bitrix/ext_www/yugkabel.ru/inc/ajax/generateCode.php (36)
СМС на номер 9183235947: 184

2024-08-28 10:58:25 /home/bitrix/ext_www/yugkabel.ru/bitrix/templates/aspro_max/components/bitrix/sale.order.ajax/new_order_SKLADI/confirm.php (46)
СМС на номер +9183235947: Вы создали заказ №183837 на сумму 4014.58 руб. Наш сотрудник свяжется с вами в течении 30 минут

2024-08-28 13:06:36 /home/bitrix/ext_www/yugkabel.ru/bitrix/templates/aspro_max/components/bitrix/sale.order.ajax/new_order_SKLADI/confirm.php (46)
СМС на номер +79528425621: Вы создали заказ №183876 на сумму 1438.56 руб. Наш сотрудник свяжется с вами в течении 30 минут

2024-08-28 13:55:52 /home/bitrix/ext_www/yugkabel.ru/bitrix/templates/aspro_max/components/bitrix/sale.order.ajax/new_order_SKLADI/confirm.php (46)
СМС на номер +79528433309: Вы создали заказ №183882 на сумму 11721.83 руб. Наш сотрудник свяжется с вами в течении 30 минут

2024-08-28 15:11:00 /home/bitrix/ext_www/yugkabel.ru/bitrix/templates/aspro_max/components/bitrix/sale.order.ajax/new_order_SKLADI/confirm.php (46)
СМС на номер +9952070623: Вы создали заказ №183899 на сумму 10888.27 руб. Наш сотрудник свяжется с вами в течении 30 минут

2024-08-28 19:07:22 /home/bitrix/ext_www/yugkabel.ru/bitrix/templates/aspro_max/components/bitrix/sale.order.ajax/new_order_SKLADI/confirm.php (46)
СМС на номер +79890070009: Вы создали заказ №183926 на сумму 4042.28 руб. Наш сотрудник свяжется с вами завтра с 8 до 9 часов утра

2024-08-29 05:48:05 /home/bitrix/ext_www/yugkabel.ru/bitrix/templates/aspro_max/components/bitrix/sale.order.ajax/new_order_SKLADI/confirm.php (46)
СМС на номер +79183187536: Вы создали заказ №183929 на сумму 577.21 руб. Наш сотрудник свяжется с вами утром с 8 до 9 часов

2024-08-29 05:50:16 /home/bitrix/ext_www/yugkabel.ru/bitrix/templates/aspro_max/components/bitrix/sale.order.ajax/new_order_SKLADI/confirm.php (46)
СМС на номер +79183187536: Вы создали заказ №183930 на сумму 2786.25 руб. Наш сотрудник свяжется с вами утром с 8 до 9 часов

2024-08-29 07:25:57 /home/bitrix/ext_www/yugkabel.ru/bitrix/templates/aspro_max/components/bitrix/sale.order.ajax/new_order_SKLADI/confirm.php (46)
СМС на номер +79180457196: Вы создали заказ №183931 на сумму 1053.92 руб. Наш сотрудник свяжется с вами утром с 8 до 9 часов

2024-08-29 08:48:30 /home/bitrix/ext_www/yugkabel.ru/bitrix/templates/aspro_max/components/bitrix/sale.order.ajax/new_order_SKLADI/confirm.php (46)
СМС на номер +79180599667: Вы создали заказ №183944 на сумму 119.79 руб. Наш сотрудник свяжется с вами в течении 30 минут

2024-08-29 09:25:05 /home/bitrix/ext_www/yugkabel.ru/inc/ajax/generateCode.php (36)
СМС на номер 9044553702: 208

2024-08-29 10:28:47 /home/bitrix/ext_www/yugkabel.ru/bitrix/templates/aspro_max/components/bitrix/sale.order.ajax/new_order_SKLADI/confirm.php (46)
СМС на номер +79181122744: Вы создали заказ №183976 на сумму 30659.68 руб. Наш сотрудник свяжется с вами в течении 30 минут

2024-08-29 10:30:23 /home/bitrix/ext_www/yugkabel.ru/bitrix/templates/aspro_max/components/bitrix/sale.order.ajax/new_order_SKLADI/confirm.php (46)
СМС на номер +79183130519: Вы создали заказ №183979 на сумму 960.3 руб. Наш сотрудник свяжется с вами в течении 30 минут

2024-08-29 12:02:29 /home/bitrix/ext_www/yugkabel.ru/bitrix/templates/aspro_max/components/bitrix/sale.order.ajax/new_order_SKLADI/confirm.php (46)
СМС на номер +79528527308: Вы создали заказ №184006 на сумму 11562.52 руб. Наш сотрудник свяжется с вами в течении 30 минут

2024-08-29 12:26:03 /home/bitrix/ext_www/yugkabel.ru/bitrix/templates/aspro_max/components/bitrix/sale.order.ajax/new_order_SKLADI/confirm.php (46)
СМС на номер +9183235947: Вы создали заказ №184008 на сумму 1311 руб. Наш сотрудник свяжется с вами в течении 30 минут

2024-08-29 14:47:02 /home/bitrix/ext_www/yugkabel.ru/bitrix/templates/aspro_max/components/bitrix/sale.order.ajax/new_order_SKLADI/confirm.php (46)
СМС на номер +79183903258: Вы создали заказ №184030 на сумму 13431.22 руб. Наш сотрудник свяжется с вами в течении 30 минут

2024-08-29 15:15:08 /home/bitrix/ext_www/yugkabel.ru/bitrix/templates/aspro_max/components/bitrix/sale.order.ajax/new_order_SKLADI/confirm.php (46)
СМС на номер +79898126737: Вы создали заказ №184034 на сумму 1102 руб. Наш сотрудник свяжется с вами в течении 30 минут

2024-08-29 15:17:53 /home/bitrix/ext_www/yugkabel.ru/bitrix/templates/aspro_max/components/bitrix/sale.order.ajax/new_order_SKLADI/confirm.php (46)
СМС на номер +79183874468: Вы создали заказ №184035 на сумму 2744.05 руб. Наш сотрудник свяжется с вами в течении 30 минут

2024-08-29 16:22:20 /home/bitrix/ext_www/yugkabel.ru/bitrix/templates/aspro_max/components/bitrix/sale.order.ajax/new_order_SKLADI/confirm.php (46)
СМС на номер +79528568986: Вы создали заказ №184055 на сумму 16560.9 руб. Наш сотрудник свяжется с вами в течении 30 минут

2024-08-29 20:25:53 /home/bitrix/ext_www/yugkabel.ru/bitrix/templates/aspro_max/components/bitrix/sale.order.ajax/new_order_SKLADI/confirm.php (46)
СМС на номер +79184418117: Вы создали заказ №184078 на сумму 301.77 руб. Наш сотрудник свяжется с вами завтра с 8 до 9 часов утра

2024-08-29 21:30:44 /home/bitrix/ext_www/yugkabel.ru/bitrix/templates/aspro_max/components/bitrix/sale.order.ajax/new_order_SKLADI/confirm.php (46)
СМС на номер +79676555005: Вы создали заказ №184079 на сумму 14801.09 руб. Наш сотрудник свяжется с вами завтра с 8 до 9 часов утра

2024-08-30 09:09:20 /home/bitrix/ext_www/yugkabel.ru/bitrix/templates/aspro_max/components/bitrix/sale.order.ajax/new_order_SKLADI/confirm.php (46)
СМС на номер +79002486739: Вы создали заказ №184095 на сумму 1900.8 руб. Наш сотрудник свяжется с вами в течении 30 минут

2024-08-30 13:06:34 /home/bitrix/ext_www/yugkabel.ru/bitrix/templates/aspro_max/components/bitrix/sale.order.ajax/new_order_SKLADI/confirm.php (46)
СМС на номер +9183235947: Вы создали заказ №184155 на сумму 1025.68 руб. Наш сотрудник свяжется с вами в течении 30 минут

2024-08-30 15:42:39 /home/bitrix/ext_www/yugkabel.ru/bitrix/templates/aspro_max/components/bitrix/sale.order.ajax/new_order_SKLADI/confirm.php (46)
СМС на номер +79182448792: Вы создали заказ №184186 на сумму 3673.25 руб. Наш сотрудник свяжется с вами в течении 30 минут

2024-08-30 16:53:29 /home/bitrix/ext_www/yugkabel.ru/inc/ajax/generateCode.php (36)
СМС на номер 9191271441: 192

2024-08-30 16:54:18 /home/bitrix/ext_www/yugkabel.ru/inc/ajax/generateCode.php (36)
СМС на номер 9191271441: 192

2024-08-30 16:55:50 /home/bitrix/ext_www/yugkabel.ru/inc/ajax/generateCode.php (36)
СМС на номер 9191271441: 192

2024-08-30 16:56:45 /home/bitrix/ext_www/yugkabel.ru/bitrix/templates/aspro_max/components/bitrix/sale.order.ajax/new_order_SKLADI/confirm.php (46)
СМС на номер +79676626994: Вы создали заказ №184193 на сумму 703.84 руб. Наш сотрудник свяжется с вами в течении 30 минут

2024-08-30 16:58:06 /home/bitrix/ext_www/yugkabel.ru/bitrix/templates/aspro_max/components/bitrix/sale.order.ajax/new_order_SKLADI/confirm.php (46)
СМС на номер +9191271441: Вы создали заказ №184196 на сумму 906.56 руб. Наш сотрудник свяжется с вами в течении 30 минут

2024-08-30 22:16:44 /home/bitrix/ext_www/yugkabel.ru/bitrix/templates/aspro_max/components/bitrix/sale.order.ajax/new_order_SKLADI/confirm.php (46)
СМС на номер +79180998436: Вы создали заказ №184211 на сумму 757.69 руб. Наш сотрудник свяжется с вами завтра с 8 до 9 часов утра

2024-08-30 22:37:27 /home/bitrix/ext_www/yugkabel.ru/bitrix/templates/aspro_max/components/bitrix/sale.order.ajax/new_order_SKLADI/confirm.php (46)
СМС на номер +79180998436: Вы создали заказ №184211 на сумму 757.69 руб. Наш сотрудник свяжется с вами завтра с 8 до 9 часов утра

2024-08-31 08:15:26 /home/bitrix/ext_www/yugkabel.ru/inc/ajax/generateCode.php (36)
СМС на номер 9270147614: 175

2024-08-31 08:21:04 /home/bitrix/ext_www/yugkabel.ru/bitrix/templates/aspro_max/components/bitrix/sale.order.ajax/new_order_SKLADI/confirm.php (46)
СМС на номер +9270147614: Вы создали заказ №184214 на сумму 1597.92 руб. Наш сотрудник свяжется с вами в течении 30 минут

2024-08-31 11:35:50 /home/bitrix/ext_www/yugkabel.ru/bitrix/templates/aspro_max/components/bitrix/sale.order.ajax/new_order_SKLADI/confirm.php (46)
СМС на номер +79615144057: Вы создали заказ №184272 на сумму 3602.39 руб. Наш сотрудник свяжется с вами в течении 30 минут

2024-08-31 15:26:24 /home/bitrix/ext_www/yugkabel.ru/bitrix/templates/aspro_max/components/bitrix/sale.order.ajax/new_order_SKLADI/confirm.php (46)
СМС на номер +79604924737: Вы создали заказ №184308 на сумму 544.17 руб. Наш сотрудник свяжется с вами в течении 30 минут

2024-08-31 20:49:52 /home/bitrix/ext_www/yugkabel.ru/bitrix/templates/aspro_max/components/bitrix/sale.order.ajax/new_order_SKLADI/confirm.php (46)
СМС на номер +79604924737: Вы создали заказ №184323 на сумму 965.52 руб. Наш сотрудник свяжется с вами завтра с 8 до 9 часов утра

2024-08-31 23:46:43 /home/bitrix/ext_www/yugkabel.ru/inc/ajax/generateCode.php (36)
СМС на номер 9649184367: 188

2024-08-31 23:49:34 /home/bitrix/ext_www/yugkabel.ru/bitrix/templates/aspro_max/components/bitrix/sale.order.ajax/new_order_SKLADI/confirm.php (46)
СМС на номер +9649184367: Вы создали заказ №184324 на сумму 49637.92 руб. Наш сотрудник свяжется с вами завтра с 8 до 9 часов утра

2024-09-01 10:03:16 /home/bitrix/ext_www/yugkabel.ru/bitrix/templates/aspro_max/components/bitrix/sale.order.ajax/new_order_SKLADI/confirm.php (46)
СМС на номер +79009354420: Вы создали заказ №184341 на сумму 803.55 руб. Наш сотрудник свяжется с вами в течении 30 минут

2024-09-01 12:32:28 /home/bitrix/ext_www/yugkabel.ru/bitrix/templates/aspro_max/components/bitrix/sale.order.ajax/new_order_SKLADI/confirm.php (46)
СМС на номер +79034532266: Вы создали заказ №184361 на сумму 514.99 руб. Наш сотрудник свяжется с вами в течении 30 минут

2024-09-01 12:32:48 /home/bitrix/ext_www/yugkabel.ru/bitrix/templates/aspro_max/components/bitrix/sale.order.ajax/new_order_SKLADI/confirm.php (46)
СМС на номер +79288849258: Вы создали заказ №184362 на сумму 2303.75 руб. Наш сотрудник свяжется с вами в течении 30 минут

2024-09-01 12:42:56 /home/bitrix/ext_www/yugkabel.ru/bitrix/templates/aspro_max/components/bitrix/sale.order.ajax/new_order_SKLADI/confirm.php (46)
СМС на номер +79615299649: Вы создали заказ №184368 на сумму 212.09 руб. Наш сотрудник свяжется с вами в течении 30 минут

2024-09-01 13:29:40 /home/bitrix/ext_www/yugkabel.ru/bitrix/templates/aspro_max/components/bitrix/sale.order.ajax/new_order_SKLADI/confirm.php (46)
СМС на номер +79002679240: Вы создали заказ №184380 на сумму 1932.36 руб. Наш сотрудник свяжется с вами в течении 30 минут

2024-09-01 13:58:22 /home/bitrix/ext_www/yugkabel.ru/bitrix/templates/aspro_max/components/bitrix/sale.order.ajax/new_order_SKLADI/confirm.php (46)
СМС на номер +79181996511: Вы создали заказ №184384 на сумму 313.72 руб. Наш сотрудник свяжется с вами в течении 30 минут

2024-09-01 14:32:14 /home/bitrix/ext_www/yugkabel.ru/bitrix/templates/aspro_max/components/bitrix/sale.order.ajax/new_order_SKLADI/confirm.php (46)
СМС на номер +79280381334: Вы создали заказ №184391 на сумму 20545.85 руб. Наш сотрудник свяжется с вами в течении 30 минут

2024-09-01 14:33:50 /home/bitrix/ext_www/yugkabel.ru/bitrix/templates/aspro_max/components/bitrix/sale.order.ajax/new_order_SKLADI/confirm.php (46)
СМС на номер +79280381334: Вы создали заказ №184392 на сумму 3866.03 руб. Наш сотрудник свяжется с вами в течении 30 минут

2024-09-01 14:58:13 /home/bitrix/ext_www/yugkabel.ru/bitrix/templates/aspro_max/components/bitrix/sale.order.ajax/new_order_SKLADI/confirm.php (46)
СМС на номер +79384101401: Вы создали заказ №184395 на сумму 13270.7 руб. Наш сотрудник свяжется с вами в течении 30 минут

2024-09-01 16:24:19 /home/bitrix/ext_www/yugkabel.ru/bitrix/templates/aspro_max/components/bitrix/sale.order.ajax/new_order_SKLADI/confirm.php (46)
СМС на номер +79284173181: Вы создали заказ №184404 на сумму 1584.22 руб. Наш сотрудник свяжется с вами в течении 30 минут

2024-09-01 23:37:58 /home/bitrix/ext_www/yugkabel.ru/bitrix/templates/aspro_max/components/bitrix/sale.order.ajax/new_order_SKLADI/confirm.php (46)
СМС на номер +79528433309: Вы создали заказ №184422 на сумму 4667.86 руб. Наш сотрудник свяжется с вами завтра с 8 до 9 часов утра

2024-09-02 00:00:23 /home/bitrix/ext_www/yugkabel.ru/bitrix/templates/aspro_max/components/bitrix/sale.order.ajax/new_order_SKLADI/confirm.php (46)
СМС на номер +79280381334: Вы создали заказ №184392 на сумму 3866.03 руб. Наш сотрудник свяжется с вами утром с 8 до 9 часов

2024-09-02 10:22:54 /home/bitrix/ext_www/yugkabel.ru/inc/ajax/generateCode.php (36)
СМС на номер 9282721378: 225

2024-09-02 16:58:00 /home/bitrix/ext_www/yugkabel.ru/bitrix/templates/aspro_max/components/bitrix/sale.order.ajax/new_order_SKLADI/confirm.php (46)
СМС на номер +79182121400: Вы создали заказ №184507 на сумму 515.96 руб. Наш сотрудник свяжется с вами в течении 30 минут

2024-09-03 08:24:22 /home/bitrix/ext_www/yugkabel.ru/inc/ajax/generateCode.php (36)
СМС на номер 9180080012: 175

2024-09-03 08:57:49 /home/bitrix/ext_www/yugkabel.ru/bitrix/templates/aspro_max/components/bitrix/sale.order.ajax/new_order_SKLADI/confirm.php (46)
СМС на номер +79033755828: Вы создали заказ №184534 на сумму 1643.38 руб. Наш сотрудник свяжется с вами в течении 30 минут

2024-09-03 09:32:03 /home/bitrix/ext_www/yugkabel.ru/bitrix/templates/aspro_max/components/bitrix/sale.order.ajax/new_order_SKLADI/confirm.php (46)
СМС на номер +79280381334: Вы создали заказ №184391 на сумму 20545.85 руб. Наш сотрудник свяжется с вами в течении 30 минут

2024-09-03 11:37:54 /home/bitrix/ext_www/yugkabel.ru/bitrix/templates/aspro_max/components/bitrix/sale.order.ajax/new_order_SKLADI/confirm.php (46)
СМС на номер +79604935910: Вы создали заказ №184576 на сумму 2628.26 руб. Наш сотрудник свяжется с вами в течении 30 минут

2024-09-03 12:33:53 /home/bitrix/ext_www/yugkabel.ru/bitrix/templates/aspro_max/components/bitrix/sale.order.ajax/new_order_SKLADI/confirm.php (46)
СМС на номер +79619445644: Вы создали заказ №184594 на сумму 225.6 руб. Наш сотрудник свяжется с вами в течении 30 минут

2024-09-03 15:10:37 /home/bitrix/ext_www/yugkabel.ru/inc/ajax/generateCode.php (36)
СМС на номер 9676635881: 220

2024-09-03 16:09:01 /home/bitrix/ext_www/yugkabel.ru/bitrix/templates/aspro_max/components/bitrix/sale.order.ajax/new_order_SKLADI/confirm.php (46)
СМС на номер +79182300530: Вы создали заказ №184644 на сумму 9820 руб. Наш сотрудник свяжется с вами в течении 30 минут

2024-09-04 06:58:57 /home/bitrix/ext_www/yugkabel.ru/bitrix/templates/aspro_max/components/bitrix/sale.order.ajax/new_order_SKLADI/confirm.php (46)
СМС на номер +79180457196: Вы создали заказ №184658 на сумму 3798.6 руб. Наш сотрудник свяжется с вами утром с 8 до 9 часов

2024-09-04 06:59:13 /home/bitrix/ext_www/yugkabel.ru/bitrix/templates/aspro_max/components/bitrix/sale.order.ajax/new_order_SKLADI/confirm.php (46)
СМС на номер +79002679240: Вы создали заказ №184659 на сумму 3288.04 руб. Наш сотрудник свяжется с вами утром с 8 до 9 часов

2024-09-04 07:01:17 /home/bitrix/ext_www/yugkabel.ru/bitrix/templates/aspro_max/components/bitrix/sale.order.ajax/new_order_SKLADI/confirm.php (46)
СМС на номер +79183187536: Вы создали заказ №183929 на сумму 577.21 руб. Наш сотрудник свяжется с вами утром с 8 до 9 часов

2024-09-04 11:29:28 /home/bitrix/ext_www/yugkabel.ru/bitrix/templates/aspro_max/components/bitrix/sale.order.ajax/new_order_SKLADI/confirm.php (46)
СМС на номер +79180763825: Вы создали заказ №184717 на сумму 175.06 руб. Наш сотрудник свяжется с вами в течении 30 минут

2024-09-04 12:08:07 /home/bitrix/ext_www/yugkabel.ru/bitrix/templates/aspro_max/components/bitrix/sale.order.ajax/new_order_SKLADI/confirm.php (46)
СМС на номер +9282489575: Вы создали заказ №184737 на сумму 1398.84 руб. Наш сотрудник свяжется с вами в течении 30 минут

2024-09-04 14:40:17 /home/bitrix/ext_www/yugkabel.ru/bitrix/templates/aspro_max/components/bitrix/sale.order.ajax/new_order_SKLADI/confirm.php (46)
СМС на номер +79530721066: Вы создали заказ №184763 на сумму 779.73 руб. Наш сотрудник свяжется с вами в течении 30 минут

2024-09-04 15:29:24 /home/bitrix/ext_www/yugkabel.ru/bitrix/templates/aspro_max/components/bitrix/sale.order.ajax/new_order_SKLADI/confirm.php (46)
СМС на номер +9184437949: Вы создали заказ №184776 на сумму 4601 руб. Наш сотрудник свяжется с вами в течении 30 минут

2024-09-04 15:30:05 /home/bitrix/ext_www/yugkabel.ru/inc/ajax/generateCode.php (36)
СМС на номер 9283336907: 188

2024-09-04 15:36:02 /home/bitrix/ext_www/yugkabel.ru/bitrix/templates/aspro_max/components/bitrix/sale.order.ajax/new_order_SKLADI/confirm.php (46)
СМС на номер +9283336907: Вы создали заказ №184778 на сумму 18480 руб. Наш сотрудник свяжется с вами в течении 30 минут

2024-09-04 17:52:01 /home/bitrix/ext_www/yugkabel.ru/bitrix/templates/aspro_max/components/bitrix/sale.order.ajax/new_order_SKLADI/confirm.php (46)
СМС на номер +79892108614: Вы создали заказ №184802 на сумму 9002 руб. Наш сотрудник свяжется с вами в течении 30 минут

2024-09-04 20:40:13 /home/bitrix/ext_www/yugkabel.ru/bitrix/templates/aspro_max/components/bitrix/sale.order.ajax/new_order_SKLADI/confirm.php (46)
СМС на номер +79094520484: Вы создали заказ №184806 на сумму 9024.1 руб. Наш сотрудник свяжется с вами завтра с 8 до 9 часов утра

2024-09-04 20:40:30 /home/bitrix/ext_www/yugkabel.ru/bitrix/templates/aspro_max/components/bitrix/sale.order.ajax/new_order_SKLADI/confirm.php (46)
СМС на номер +79094520484: Вы создали заказ №184806 на сумму 9024.1 руб. Наш сотрудник свяжется с вами завтра с 8 до 9 часов утра

2024-09-04 23:01:35 /home/bitrix/ext_www/yugkabel.ru/bitrix/templates/aspro_max/components/bitrix/sale.order.ajax/new_order_SKLADI/confirm.php (46)
СМС на номер +79183748023: Вы создали заказ №184807 на сумму 9427.09 руб. Наш сотрудник свяжется с вами завтра с 8 до 9 часов утра

2024-09-04 23:07:27 /home/bitrix/ext_www/yugkabel.ru/bitrix/templates/aspro_max/components/bitrix/sale.order.ajax/new_order_SKLADI/confirm.php (46)
СМС на номер +79183748023: Вы создали заказ №184808 на сумму 4600.09 руб. Наш сотрудник свяжется с вами завтра с 8 до 9 часов утра

2024-09-05 01:29:38 /home/bitrix/ext_www/yugkabel.ru/bitrix/templates/aspro_max/components/bitrix/sale.order.ajax/new_order_SKLADI/confirm.php (46)
СМС на номер +79280381334: Вы создали заказ №184391 на сумму 20545.85 руб. Наш сотрудник свяжется с вами утром с 8 до 9 часов

2024-09-05 07:33:50 /home/bitrix/ext_www/yugkabel.ru/bitrix/templates/aspro_max/components/bitrix/sale.order.ajax/new_order_SKLADI/confirm.php (46)
СМС на номер +79002679240: Вы создали заказ №184809 на сумму 2433.79 руб. Наш сотрудник свяжется с вами утром с 8 до 9 часов

2024-09-05 10:39:18 /home/bitrix/ext_www/yugkabel.ru/bitrix/templates/aspro_max/components/bitrix/sale.order.ajax/new_order_SKLADI/confirm.php (46)
СМС на номер +79280381334: Вы создали заказ №184851 на сумму 5757.41 руб. Наш сотрудник свяжется с вами в течении 30 минут

2024-09-05 10:39:47 /home/bitrix/ext_www/yugkabel.ru/bitrix/templates/aspro_max/components/bitrix/sale.order.ajax/new_order_SKLADI/confirm.php (46)
СМС на номер +79280381334: Вы создали заказ №184852 на сумму 2535.77 руб. Наш сотрудник свяжется с вами в течении 30 минут

2024-09-05 11:38:06 /home/bitrix/ext_www/yugkabel.ru/bitrix/templates/aspro_max/components/bitrix/sale.order.ajax/new_order_SKLADI/confirm.php (46)
СМС на номер +79183677701: Вы создали заказ №184872 на сумму 1825.6 руб. Наш сотрудник свяжется с вами в течении 30 минут

2024-09-05 12:25:46 /home/bitrix/ext_www/yugkabel.ru/inc/ajax/generateCode.php (36)
СМС на номер 9531129393: 179

2024-09-05 12:27:08 /home/bitrix/ext_www/yugkabel.ru/bitrix/templates/aspro_max/components/bitrix/sale.order.ajax/new_order_SKLADI/confirm.php (46)
СМС на номер +9531129393: Вы создали заказ №184885 на сумму 3814 руб. Наш сотрудник свяжется с вами в течении 30 минут

2024-09-05 16:03:20 /home/bitrix/ext_www/yugkabel.ru/bitrix/templates/aspro_max/components/bitrix/sale.order.ajax/new_order_SKLADI/confirm.php (46)
СМС на номер +79034576968: Вы создали заказ №184921 на сумму 117329.19 руб. Наш сотрудник свяжется с вами в течении 30 минут

2024-09-05 16:09:50 /home/bitrix/ext_www/yugkabel.ru/bitrix/templates/aspro_max/components/bitrix/sale.order.ajax/new_order_SKLADI/confirm.php (46)
СМС на номер +79183495141: Вы создали заказ №184922 на сумму 2589.64 руб. Наш сотрудник свяжется с вами в течении 30 минут

2024-09-05 16:13:27 /home/bitrix/ext_www/yugkabel.ru/bitrix/components/aspro/oneclickbuy.max/script.php (890)
СМС на номер : Вы создали заказ №184923 на сумму 71.97 р. руб. 

2024-09-05 16:20:36 /home/bitrix/ext_www/yugkabel.ru/bitrix/components/aspro/oneclickbuy.max/script.php (890)
СМС на номер : Вы создали заказ №184924 на сумму 71.97 р.

2024-09-05 16:28:20 /home/bitrix/ext_www/yugkabel.ru/bitrix/components/aspro/oneclickbuy.max/script.php (891)
СМС на номер 9180763825: Вы создали заказ №184926 на сумму 71.97 р.

2024-09-05 16:33:33 /home/bitrix/ext_www/yugkabel.ru/bitrix/components/aspro/oneclickbuy.max/script.php (889)
СМС на номер 9180763825: Вы создали заказ №184927 на сумму 71.97 р.

2024-09-05 16:33:51 /home/bitrix/ext_www/yugkabel.ru/bitrix/components/aspro/oneclickbuy.max/script.php (889)
СМС на номер 9180763825: Вы создали заказ №184928 на сумму 71.97 р.

2024-09-05 16:40:48 /home/bitrix/ext_www/yugkabel.ru/bitrix/components/aspro/oneclickbuy.max/script.php (889)
СМС на номер 9180763825: Вы создали заказ №184929 на сумму 71.97 р.

2024-09-05 16:42:19 /home/bitrix/ext_www/yugkabel.ru/bitrix/components/aspro/oneclickbuy.max/script.php (889)
СМС на номер 9180763825: Вы создали заказ №184930 на сумму 71.97 р.

2024-09-05 17:02:13 /home/bitrix/ext_www/yugkabel.ru/bitrix/components/aspro/oneclickbuy.max/script.php (889)
СМС на номер 9180763825: Вы создали заказ №184936 на сумму 181.68 р.

2024-09-05 17:02:37 /home/bitrix/ext_www/yugkabel.ru/bitrix/components/aspro/oneclickbuy.max/script.php (889)
СМС на номер 9180763825: Вы создали заказ №184937 на сумму 181.68 р.

2024-09-05 17:07:35 /home/bitrix/ext_www/yugkabel.ru/bitrix/components/aspro/oneclickbuy.max/script.php (889)
СМС на номер 9180763825: Вы создали заказ №184938 на сумму 181.68 р.

2024-09-05 20:12:40 /home/bitrix/ext_www/yugkabel.ru/bitrix/templates/aspro_max/components/bitrix/sale.order.ajax/new_order_SKLADI/confirm.php (46)
СМС на номер +79604982206: Вы создали заказ №184948 на сумму 7685.34 руб. Наш сотрудник свяжется с вами завтра с 8 до 9 часов утра

2024-09-05 20:24:17 /home/bitrix/ext_www/yugkabel.ru/bitrix/templates/aspro_max/components/bitrix/sale.order.ajax/new_order_SKLADI/confirm.php (46)
СМС на номер +79615382352: Вы создали заказ №184949 на сумму 12117.87 руб. Наш сотрудник свяжется с вами завтра с 8 до 9 часов утра

2024-09-05 22:16:11 /home/bitrix/ext_www/yugkabel.ru/inc/ajax/generateCode.php (36)
СМС на номер 9288432929: 198

2024-09-05 22:23:11 /home/bitrix/ext_www/yugkabel.ru/bitrix/templates/aspro_max/components/bitrix/sale.order.ajax/new_order_SKLADI/confirm.php (46)
СМС на номер +9288432929: Вы создали заказ №184950 на сумму 1453.27 руб. Наш сотрудник свяжется с вами завтра с 8 до 9 часов утра

2024-09-05 22:38:26 /home/bitrix/ext_www/yugkabel.ru/inc/ajax/generateCode.php (36)
СМС на номер 9181546612: 207

2024-09-06 08:11:06 /home/bitrix/ext_www/yugkabel.ru/bitrix/components/aspro/oneclickbuy.max/script.php (889)
СМС на номер 9180763825: Вы создали заказ №184952 на сумму 140.65 р.

2024-09-06 08:23:16 /home/bitrix/ext_www/yugkabel.ru/bitrix/components/aspro/oneclickbuy.max/script.php (889)
СМС на номер 9180763825: Вы создали заказ №184957 на сумму 140.65 р.

2024-09-06 08:30:55 /home/bitrix/ext_www/yugkabel.ru/bitrix/components/aspro/oneclickbuy.max/script.php (889)
СМС на номер +7 (911) 152-22-22: Вы создали заказ №184963 на сумму 4.17 р.

2024-09-06 08:39:47 /home/bitrix/ext_www/yugkabel.ru/bitrix/components/aspro/oneclickbuy.max/script.php (889)
СМС на номер 9180763825: Вы создали заказ №184967 на сумму 315.44 р.

2024-09-06 08:44:02 /home/bitrix/ext_www/yugkabel.ru/bitrix/templates/aspro_max/components/bitrix/sale.order.ajax/new_order_SKLADI/confirm.php (46)
СМС на номер +79284173181: Вы создали заказ №184968 на сумму 3148.27 руб. Наш сотрудник свяжется с вами в течении 30 минут

2024-09-06 09:12:19 /home/bitrix/ext_www/yugkabel.ru/bitrix/templates/aspro_max/components/bitrix/sale.order.ajax/new_order_SKLADI/confirm.php (46)
СМС на номер +9182667057: Вы создали заказ №184979 на сумму 1512.85 руб. Наш сотрудник свяжется с вами в течении 30 минут

2024-09-06 09:58:53 /home/bitrix/ext_www/yugkabel.ru/bitrix/components/aspro/oneclickbuy.max/script.php (889)
СМС на номер 9181234543: Вы создали заказ №184997 на сумму 315.44 р.

2024-09-06 10:00:45 /home/bitrix/ext_www/yugkabel.ru/bitrix/components/aspro/oneclickbuy.max/script.php (889)
СМС на номер 9180763825: Вы создали заказ №185000 на сумму 315.44 р.

2024-09-06 10:02:08 /home/bitrix/ext_www/yugkabel.ru/bitrix/templates/aspro_max/components/bitrix/sale.order.ajax/new_order_SKLADI/confirm.php (46)
СМС на номер +79186224566: Вы создали заказ №185002 на сумму 2341.2 руб. Наш сотрудник свяжется с вами в течении 30 минут

2024-09-06 10:03:54 /home/bitrix/ext_www/yugkabel.ru/bitrix/components/aspro/oneclickbuy.max/script.php (889)
СМС на номер 9180763825: Вы создали заказ №185003 на сумму 315.44 р.

2024-09-06 10:06:35 /home/bitrix/ext_www/yugkabel.ru/bitrix/components/aspro/oneclickbuy.max/script.php (889)
СМС на номер 9180763825: Вы создали заказ №185005 на сумму 232.80 р.

2024-09-06 10:13:17 /home/bitrix/ext_www/yugkabel.ru/bitrix/components/aspro/oneclickbuy.max/script.php (889)
СМС на номер +7 (967) 655-55-17: Вы создали заказ №185007 на сумму 7 176.15 р.

2024-09-06 10:26:07 /home/bitrix/ext_www/yugkabel.ru/bitrix/components/aspro/oneclickbuy.max/script.php (889)
СМС на номер 9181234543: Вы создали заказ №185012 на сумму 315.44 р.

2024-09-06 10:26:54 /home/bitrix/ext_www/yugkabel.ru/bitrix/components/aspro/oneclickbuy.max/script.php (889)
СМС на номер 9181234543: Вы создали заказ №185013 на сумму 366.18 р.

2024-09-06 10:43:02 /home/bitrix/ext_www/yugkabel.ru/bitrix/templates/aspro_max/components/bitrix/sale.order.ajax/new_order_SKLADI/confirm.php (46)
СМС на номер +79618504609: Вы создали заказ №185023 на сумму 1063.12 руб. Наш сотрудник свяжется с вами в течении 30 минут

2024-09-06 10:44:24 /home/bitrix/ext_www/yugkabel.ru/inc/ajax/generateCode.php (36)
СМС на номер 9183936285: 244

2024-09-06 10:45:13 /home/bitrix/ext_www/yugkabel.ru/bitrix/templates/aspro_max/components/bitrix/sale.order.ajax/new_order_SKLADI/confirm.php (46)
СМС на номер +9183936285: Вы создали заказ №185024 на сумму 569.1 руб. Наш сотрудник свяжется с вами в течении 30 минут

2024-09-06 11:35:36 /home/bitrix/ext_www/yugkabel.ru/bitrix/components/aspro/oneclickbuy.max/script.php (889)
СМС на номер +7 (918) 111-11-11: Вы создали заказ №185050 на сумму 3 196.21 р.

2024-09-06 13:40:36 /home/bitrix/ext_www/yugkabel.ru/bitrix/components/aspro/oneclickbuy.max/script.php (889)
СМС на номер +7 (918) 111-11-11: Вы создали заказ №185080 на сумму 17 281.30 р.

2024-09-06 14:24:50 /home/bitrix/ext_www/yugkabel.ru/bitrix/templates/aspro_max/components/bitrix/sale.order.ajax/new_order_SKLADI/confirm.php (46)
СМС на номер +9288432929: Вы создали заказ №185090 на сумму 1062.94 руб. Наш сотрудник свяжется с вами в течении 30 минут

2024-09-06 18:48:44 /home/bitrix/ext_www/yugkabel.ru/inc/ajax/generateCode.php (36)
СМС на номер 9673138470: 179

2024-09-06 18:51:36 /home/bitrix/ext_www/yugkabel.ru/bitrix/templates/aspro_max/components/bitrix/sale.order.ajax/new_order_SKLADI/confirm.php (46)
СМС на номер +9673138470: Вы создали заказ №185124 на сумму 11111.5 руб. Наш сотрудник свяжется с вами завтра с 8 до 9 часов утра

2024-09-07 00:05:28 /home/bitrix/ext_www/yugkabel.ru/bitrix/templates/aspro_max/components/bitrix/sale.order.ajax/new_order_SKLADI/confirm.php (46)
СМС на номер +79184523190: Вы создали заказ №185126 на сумму 3976.84 руб. Наш сотрудник свяжется с вами утром, с 8 до 9 часов

2024-09-07 07:54:35 /home/bitrix/ext_www/yugkabel.ru/bitrix/templates/aspro_max/components/bitrix/sale.order.ajax/new_order_SKLADI/confirm.php (46)
СМС на номер +79002679240: Вы создали заказ №185127 на сумму 781.3 руб. Наш сотрудник свяжется с вами утром, с 8 до 9 часов

2024-09-07 09:06:07 /home/bitrix/ext_www/yugkabel.ru/bitrix/templates/aspro_max/components/bitrix/sale.order.ajax/new_order_SKLADI/confirm.php (46)
СМС на номер +79064365403: Вы создали заказ №185142 на сумму 1520.02 руб. Наш сотрудник свяжется с вами в течении 30 минут

2024-09-07 11:24:59 /home/bitrix/ext_www/yugkabel.ru/inc/ajax/generateCode.php (36)
СМС на номер 9143710767: 222

2024-09-07 11:28:08 /home/bitrix/ext_www/yugkabel.ru/inc/ajax/generateCode.php (36)
СМС на номер 9143710767: 222

2024-09-07 11:31:04 /home/bitrix/ext_www/yugkabel.ru/inc/ajax/generateCode.php (36)
СМС на номер 9143710767: 222

2024-09-07 11:45:03 /home/bitrix/ext_www/yugkabel.ru/bitrix/templates/aspro_max/components/bitrix/sale.order.ajax/new_order_SKLADI/confirm.php (46)
СМС на номер +9143710767: Вы создали заказ №185199 на сумму 24421.86 руб. Наш сотрудник свяжется с вами в течении 30 минут

2024-09-07 12:36:29 /home/bitrix/ext_www/yugkabel.ru/bitrix/templates/aspro_max/components/bitrix/sale.order.ajax/new_order_SKLADI/confirm.php (46)
СМС на номер +79054028822: Вы создали заказ №185208 на сумму 179.85 руб. Наш сотрудник свяжется с вами в течении 30 минут

2024-09-07 14:00:24 /home/bitrix/ext_www/yugkabel.ru/bitrix/templates/aspro_max/components/bitrix/sale.order.ajax/new_order_SKLADI/confirm.php (46)
СМС на номер +79183748023: Вы создали заказ №185220 на сумму 6860.14 руб. Наш сотрудник свяжется с вами в течении 30 минут

2024-09-07 14:50:08 /home/bitrix/ext_www/yugkabel.ru/bitrix/templates/aspro_max/components/bitrix/sale.order.ajax/new_order_SKLADI/confirm.php (46)
СМС на номер +79184363777: Вы создали заказ №185234 на сумму 453.18 руб. Наш сотрудник свяжется с вами в течении 30 минут

2024-09-07 16:43:00 /home/bitrix/ext_www/yugkabel.ru/inc/ajax/generateCode.php (36)
СМС на номер 9288446235: 201

2024-09-07 17:12:27 /home/bitrix/ext_www/yugkabel.ru/bitrix/templates/aspro_max/components/bitrix/sale.order.ajax/new_order_SKLADI/confirm.php (46)
СМС на номер +79184146776: Вы создали заказ №185250 на сумму 2394.71 руб. Наш сотрудник свяжется с вами в течении 30 минут

2024-09-07 17:12:40 /home/bitrix/ext_www/yugkabel.ru/bitrix/templates/aspro_max/components/bitrix/sale.order.ajax/new_order_SKLADI/confirm.php (46)
СМС на номер +79184146776: Вы создали заказ №185250 на сумму 2394.71 руб. Наш сотрудник свяжется с вами в течении 30 минут

2024-09-08 09:48:22 /home/bitrix/ext_www/yugkabel.ru/bitrix/templates/aspro_max/components/bitrix/sale.order.ajax/new_order_SKLADI/confirm.php (46)
СМС на номер +79182137780: Вы создали заказ №185271 на сумму 3714.62 руб. Наш сотрудник свяжется с вами в течении 30 минут

2024-09-08 12:27:47 /home/bitrix/ext_www/yugkabel.ru/bitrix/templates/aspro_max/components/bitrix/sale.order.ajax/new_order_SKLADI/confirm.php (46)
СМС на номер +79182137780: Вы создали заказ №185301 на сумму 2578.57 руб. Наш сотрудник свяжется с вами в течении 30 минут

2024-09-08 13:10:51 /home/bitrix/ext_www/yugkabel.ru/bitrix/templates/aspro_max/components/bitrix/sale.order.ajax/new_order_SKLADI/confirm.php (46)
СМС на номер +79148613561: Вы создали заказ №185308 на сумму 2784.18 руб. Наш сотрудник свяжется с вами в течении 30 минут

2024-09-08 13:19:21 /home/bitrix/ext_www/yugkabel.ru/bitrix/templates/aspro_max/components/bitrix/sale.order.ajax/new_order_SKLADI/confirm.php (46)
СМС на номер +79148613561: Вы создали заказ №185308 на сумму 2784.18 руб. Наш сотрудник свяжется с вами в течении 30 минут

2024-09-08 14:43:07 /home/bitrix/ext_www/yugkabel.ru/bitrix/templates/aspro_max/components/bitrix/sale.order.ajax/new_order_SKLADI/confirm.php (46)
СМС на номер +79180245939: Вы создали заказ №185326 на сумму 6570.74 руб. Наш сотрудник свяжется с вами в течении 30 минут

2024-09-08 15:47:32 /home/bitrix/ext_www/yugkabel.ru/inc/ajax/generateCode.php (36)
СМС на номер 9628571234: 215

2024-09-08 15:57:50 /home/bitrix/ext_www/yugkabel.ru/bitrix/components/aspro/oneclickbuy.max/script.php (889)
СМС на номер 9628571234: Вы создали заказ №185333 на сумму 1 466.64 р.

2024-09-08 16:02:08 /home/bitrix/ext_www/yugkabel.ru/bitrix/templates/aspro_max/components/bitrix/sale.order.ajax/new_order_SKLADI/confirm.php (46)
СМС на номер +9628571234: Вы создали заказ №185335 на сумму 37.08 руб. Наш сотрудник свяжется с вами в течении 30 минут

2024-09-08 16:37:01 /home/bitrix/ext_www/yugkabel.ru/bitrix/components/aspro/oneclickbuy.max/script.php (889)
СМС на номер 9628571234: Вы создали заказ №185340 на сумму 280.91 р.

2024-09-08 19:43:52 /home/bitrix/ext_www/yugkabel.ru/bitrix/templates/aspro_max/components/bitrix/sale.order.ajax/new_order_SKLADI/confirm.php (46)
СМС на номер +79034100042: Вы создали заказ №185344 на сумму 2004.52 руб. Наш сотрудник свяжется с вами завтра с 8 до 9 часов утра

2024-09-08 23:16:28 /home/bitrix/ext_www/yugkabel.ru/inc/ajax/generateCode.php (36)
СМС на номер 9649004515: 159

2024-09-08 23:17:33 /home/bitrix/ext_www/yugkabel.ru/inc/ajax/generateCode.php (36)
СМС на номер 9649004515: 159

2024-09-09 07:49:40 /home/bitrix/ext_www/yugkabel.ru/inc/ajax/generateCode.php (36)
СМС на номер 9528408799: 199

2024-09-09 09:21:02 /home/bitrix/ext_www/yugkabel.ru/bitrix/templates/aspro_max/components/bitrix/sale.order.ajax/new_order_SKLADI/confirm.php (46)
СМС на номер +9528408799: Вы создали заказ №185360 на сумму 976.21 руб. Наш сотрудник свяжется с вами в течении 30 минут

2024-09-09 09:48:26 /home/bitrix/ext_www/yugkabel.ru/inc/ajax/generateCode.php (36)
СМС на номер 9180482979: 213

2024-09-09 12:49:07 /home/bitrix/ext_www/yugkabel.ru/bitrix/templates/aspro_max/components/bitrix/sale.order.ajax/new_order_SKLADI/confirm.php (46)
СМС на номер +79183400962: Вы создали заказ №185419 на сумму 8144.18 руб. Наш сотрудник свяжется с вами в течении 30 минут

2024-09-09 13:13:42 /home/bitrix/ext_www/yugkabel.ru/inc/ajax/generateCode.php (36)
СМС на номер 9186549432: 209

2024-09-09 13:26:33 /home/bitrix/ext_www/yugkabel.ru/bitrix/templates/aspro_max/components/bitrix/sale.order.ajax/new_order_SKLADI/confirm.php (46)
СМС на номер +79615933123: Вы создали заказ №185425 на сумму 2154 руб. Наш сотрудник свяжется с вами в течении 30 минут

2024-09-09 13:41:59 /home/bitrix/ext_www/yugkabel.ru/inc/ajax/generateCode.php (36)
СМС на номер 9182739554: 225

2024-09-09 21:28:05 /home/bitrix/ext_www/yugkabel.ru/bitrix/templates/aspro_max/components/bitrix/sale.order.ajax/new_order_SKLADI/confirm.php (46)
СМС на номер +79182942301: Вы создали заказ №185470 на сумму 3240.09 руб. Наш сотрудник свяжется с вами завтра с 8 до 9 часов утра

2024-09-09 21:28:07 /home/bitrix/ext_www/yugkabel.ru/bitrix/templates/aspro_max/components/bitrix/sale.order.ajax/new_order_SKLADI/confirm.php (46)
СМС на номер +79182942301: Вы создали заказ №185470 на сумму 3240.09 руб. Наш сотрудник свяжется с вами завтра с 8 до 9 часов утра

2024-09-09 23:18:57 /home/bitrix/ext_www/yugkabel.ru/bitrix/templates/aspro_max/components/bitrix/sale.order.ajax/new_order_SKLADI/confirm.php (46)
СМС на номер +9288432929: Вы создали заказ №185471 на сумму 247.16 руб. Наш сотрудник свяжется с вами завтра с 8 до 9 часов утра

2024-09-10 10:06:47 /home/bitrix/ext_www/yugkabel.ru/bitrix/components/aspro/oneclickbuy.max/script.php (889)
СМС на номер 9182220729: Вы создали заказ №185510 на сумму 15 259 р.

2024-09-10 10:14:21 /home/bitrix/ext_www/yugkabel.ru/bitrix/templates/aspro_max/components/bitrix/sale.order.ajax/new_order_SKLADI/confirm.php (46)
СМС на номер +79182220729: Вы создали заказ №185513 на сумму 15259 руб. Наш сотрудник свяжется с вами в течении 30 минут

2024-09-10 10:35:38 /home/bitrix/ext_www/yugkabel.ru/bitrix/templates/aspro_max/components/bitrix/sale.order.ajax/new_order_SKLADI/confirm.php (46)
СМС на номер +79183136768: Вы создали заказ №185521 на сумму 12577.46 руб. Наш сотрудник свяжется с вами в течении 30 минут

2024-09-10 10:37:39 /home/bitrix/ext_www/yugkabel.ru/bitrix/templates/aspro_max/components/bitrix/sale.order.ajax/new_order_SKLADI/confirm.php (46)
СМС на номер +79183136768: Вы создали заказ №185523 на сумму 1.68 руб. Наш сотрудник свяжется с вами в течении 30 минут

2024-09-10 12:59:51 /home/bitrix/ext_www/yugkabel.ru/inc/ajax/generateCode.php (36)
СМС на номер 9615000071: 165

2024-09-10 13:42:06 /home/bitrix/ext_www/yugkabel.ru/inc/ajax/generateCode.php (36)
СМС на номер 9034111154: 173

2024-09-10 13:53:21 /home/bitrix/ext_www/yugkabel.ru/inc/ajax/generateCode.php (36)
СМС на номер 9898088865: 180

2024-09-10 14:05:07 /home/bitrix/ext_www/yugkabel.ru/inc/ajax/generateCode.php (36)
СМС на номер 9676733144: 224

2024-09-10 14:16:20 /home/bitrix/ext_www/yugkabel.ru/bitrix/templates/aspro_max/components/bitrix/sale.order.ajax/new_order_SKLADI/confirm.php (46)
СМС на номер +79181234543: Вы создали заказ №185564 на сумму 4905.61 руб. Наш сотрудник свяжется с вами в течении 30 минут

2024-09-10 14:17:53 /home/bitrix/ext_www/yugkabel.ru/bitrix/templates/aspro_max/components/bitrix/sale.order.ajax/new_order_SKLADI/confirm.php (46)
СМС на номер +79181234543: Вы создали заказ №185565 на сумму 490.5 руб. Наш сотрудник свяжется с вами в течении 30 минут

2024-09-10 15:02:01 /home/bitrix/ext_www/yugkabel.ru/bitrix/templates/aspro_max/components/bitrix/sale.order.ajax/new_order_SKLADI/confirm.php (46)
СМС на номер +79034660264: Вы создали заказ №185576 на сумму 2796.81 руб. Наш сотрудник свяжется с вами в течении 30 минут

2024-09-10 15:31:33 /home/bitrix/ext_www/yugkabel.ru/bitrix/templates/aspro_max/components/bitrix/sale.order.ajax/new_order_SKLADI/confirm.php (46)
СМС на номер +79180763825: Вы создали заказ №185582 на сумму 162.38 руб. Наш сотрудник свяжется с вами в течении 30 минут

2024-09-10 15:38:15 /home/bitrix/ext_www/yugkabel.ru/bitrix/templates/aspro_max/components/bitrix/sale.order.ajax/new_order_SKLADI/confirm.php (46)
СМС на номер +79180763825: Вы создали заказ №185583 на сумму 4.17 руб. Наш сотрудник свяжется с вами в течении 30 минут

2024-09-10 16:02:42 /home/bitrix/ext_www/yugkabel.ru/bitrix/templates/aspro_max/components/bitrix/sale.order.ajax/new_order_SKLADI/confirm.php (46)
СМС на номер +79180763825: Вы создали заказ №185583 на сумму 4.17 руб. Наш сотрудник свяжется с вами в течении 30 минут

2024-09-10 16:29:25 /home/bitrix/ext_www/yugkabel.ru/inc/ajax/generateCode.php (36)
СМС на номер 9183236138: 183

2024-09-10 16:34:16 /home/bitrix/ext_www/yugkabel.ru/bitrix/templates/aspro_max/components/bitrix/sale.order.ajax/new_order_SKLADI/confirm.php (46)
СМС на номер +9183236138: Вы создали заказ №185587 на сумму 24394.37 руб. Наш сотрудник свяжется с вами в течении 30 минут

2024-09-10 18:45:22 /home/bitrix/ext_www/yugkabel.ru/bitrix/templates/aspro_max/components/bitrix/sale.order.ajax/new_order_SKLADI/confirm.php (46)
СМС на номер +79182650900: Вы создали заказ №185597 на сумму 3964.36 руб. Наш сотрудник свяжется с вами завтра с 8 до 9 часов утра

2024-09-10 19:43:04 /home/bitrix/ext_www/yugkabel.ru/bitrix/components/aspro/oneclickbuy.max/script.php (889)
СМС на номер +7 (918) 383-35-77: Вы создали заказ №185601 на сумму 4 719.98 р.

2024-09-10 20:14:53 /home/bitrix/ext_www/yugkabel.ru/inc/ajax/generateCode.php (36)
СМС на номер 9997059864: 174

2024-09-10 20:17:39 /home/bitrix/ext_www/yugkabel.ru/bitrix/templates/aspro_max/components/bitrix/sale.order.ajax/new_order_SKLADI/confirm.php (46)
СМС на номер +9997059864: Вы создали заказ №185602 на сумму 8619.26 руб. Наш сотрудник свяжется с вами завтра с 8 до 9 часов утра

2024-09-10 21:03:10 /home/bitrix/ext_www/yugkabel.ru/bitrix/templates/aspro_max/components/bitrix/sale.order.ajax/new_order_SKLADI/confirm.php (46)
СМС на номер +79530768936: Вы создали заказ №185603 на сумму 976.74 руб. Наш сотрудник свяжется с вами завтра с 8 до 9 часов утра

2024-09-11 06:48:54 /home/bitrix/ext_www/yugkabel.ru/bitrix/templates/aspro_max/components/bitrix/sale.order.ajax/new_order_SKLADI/confirm.php (46)
СМС на номер +79186757369: Вы создали заказ №185605 на сумму 5332.14 руб. Наш сотрудник свяжется с вами утром с 8 до 9 часов

2024-09-11 08:51:22 /home/bitrix/ext_www/yugkabel.ru/bitrix/templates/aspro_max/components/bitrix/sale.order.ajax/new_order_SKLADI/confirm.php (46)
СМС на номер +9186549432: Вы создали заказ №185621 на сумму 22582.13 руб. Наш сотрудник свяжется с вами в течении 30 минут

2024-09-11 12:15:17 /home/bitrix/ext_www/yugkabel.ru/bitrix/templates/aspro_max/components/bitrix/sale.order.ajax/new_order_SKLADI/confirm.php (46)
СМС на номер +79184466677: Вы создали заказ №185691 на сумму 1017.36 руб. Наш сотрудник свяжется с вами в течении 30 минут

2024-09-11 12:28:21 /home/bitrix/ext_www/yugkabel.ru/inc/ajax/generateCode.php (36)
СМС на номер 9964060060: 176

2024-09-11 12:30:50 /home/bitrix/ext_www/yugkabel.ru/bitrix/templates/aspro_max/components/bitrix/sale.order.ajax/new_order_SKLADI/confirm.php (46)
СМС на номер +9964060060: Вы создали заказ №185696 на сумму 8767.12 руб. Наш сотрудник свяжется с вами в течении 30 минут

2024-09-11 12:53:31 /home/bitrix/ext_www/yugkabel.ru/bitrix/components/aspro/oneclickbuy.max/script.php (889)
СМС на номер +7 (918) 111-11-11: Вы создали заказ №185703 на сумму 10.86 р.

2024-09-11 14:48:10 /home/bitrix/ext_www/yugkabel.ru/bitrix/templates/aspro_max/components/bitrix/sale.order.ajax/new_order_SKLADI/confirm.php (46)
СМС на номер +79182979344: Вы создали заказ №185730 на сумму 2626.7 руб. Наш сотрудник свяжется с вами в течении 30 минут

2024-09-11 15:13:54 /home/bitrix/ext_www/yugkabel.ru/bitrix/components/aspro/oneclickbuy.max/script.php (889)
СМС на номер +7 (918) 111-11-11: Вы создали заказ №185739 на сумму 3 120.21 р.

2024-09-11 15:17:06 /home/bitrix/ext_www/yugkabel.ru/bitrix/templates/aspro_max/components/bitrix/sale.order.ajax/new_order_SKLADI/confirm.php (46)
СМС на номер +79186757369: Вы создали заказ №185605 на сумму 5332.14 руб. Наш сотрудник свяжется с вами в течении 30 минут

2024-09-11 15:33:52 /home/bitrix/ext_www/yugkabel.ru/inc/ajax/generateCode.php (36)
СМС на номер 9615214000: 176

2024-09-11 15:45:27 /home/bitrix/ext_www/yugkabel.ru/bitrix/templates/aspro_max/components/bitrix/sale.order.ajax/new_order_SKLADI/confirm.php (46)
СМС на номер +79184957042: Вы создали заказ №185745 на сумму 9195.72 руб. Наш сотрудник свяжется с вами в течении 30 минут

2024-09-11 15:47:46 /home/bitrix/ext_www/yugkabel.ru/bitrix/templates/aspro_max/components/bitrix/sale.order.ajax/new_order_SKLADI/confirm.php (46)
СМС на номер +79528599871: Вы создали заказ №185746 на сумму 307.3 руб. Наш сотрудник свяжется с вами в течении 30 минут

2024-09-11 15:52:18 /home/bitrix/ext_www/yugkabel.ru/bitrix/templates/aspro_max/components/bitrix/sale.order.ajax/new_order_SKLADI/confirm.php (46)
СМС на номер +79528599871: Вы создали заказ №185747 на сумму 291.93 руб. Наш сотрудник свяжется с вами в течении 30 минут

2024-09-11 16:17:38 /home/bitrix/ext_www/yugkabel.ru/bitrix/templates/aspro_max/components/bitrix/sale.order.ajax/new_order_SKLADI/confirm.php (46)
СМС на номер +79182137780: Вы создали заказ №185753 на сумму 5184.25 руб. Наш сотрудник свяжется с вами в течении 30 минут

2024-09-11 18:30:39 /home/bitrix/ext_www/yugkabel.ru/bitrix/templates/aspro_max/components/bitrix/sale.order.ajax/new_order_SKLADI/confirm.php (46)
СМС на номер +79282378302: Вы создали заказ №185764 на сумму 468 руб. Наш сотрудник свяжется с вами завтра с 8 до 9 часов утра

2024-09-11 19:22:09 /home/bitrix/ext_www/yugkabel.ru/bitrix/templates/aspro_max/components/bitrix/sale.order.ajax/new_order_SKLADI/confirm.php (46)
СМС на номер +79182650900: Вы создали заказ №185768 на сумму 5862.52 руб. Наш сотрудник свяжется с вами завтра с 8 до 9 часов утра

2024-09-12 08:16:07 /home/bitrix/ext_www/yugkabel.ru/bitrix/templates/aspro_max/components/bitrix/sale.order.ajax/new_order_SKLADI/confirm.php (46)
СМС на номер +9888886158: Вы создали заказ №185775 на сумму 1255.88 руб. Наш сотрудник свяжется с вами в течении 30 минут

2024-09-12 08:53:21 /home/bitrix/ext_www/yugkabel.ru/bitrix/templates/aspro_max/components/bitrix/sale.order.ajax/new_order_SKLADI/confirm.php (46)
СМС на номер +79180763825: Вы создали заказ №185789 на сумму 992.89 руб. Наш сотрудник свяжется с вами в течении 30 минут

2024-09-12 11:14:35 /home/bitrix/ext_www/yugkabel.ru/bitrix/components/aspro/oneclickbuy.max/script.php (889)
СМС на номер +7 (918) 111-11-11: Вы создали заказ №185818 на сумму 122.22 р.

2024-09-12 11:18:09 /home/bitrix/ext_www/yugkabel.ru/inc/ajax/generateCode.php (36)
СМС на номер 9061871636: 239

2024-09-12 11:20:07 /home/bitrix/ext_www/yugkabel.ru/bitrix/templates/aspro_max/components/bitrix/sale.order.ajax/new_order_SKLADI/confirm.php (46)
СМС на номер +9061871636: Вы создали заказ №185820 на сумму 315.44 руб. Наш сотрудник свяжется с вами в течении 30 минут

2024-09-12 12:29:19 /home/bitrix/ext_www/yugkabel.ru/bitrix/templates/aspro_max/components/bitrix/sale.order.ajax/new_order_SKLADI/confirm.php (46)
СМС на номер +79282107035: Вы создали заказ №185843 на сумму 3603.68 руб. Наш сотрудник свяжется с вами в течении 30 минут

2024-09-12 12:30:01 /home/bitrix/ext_www/yugkabel.ru/bitrix/components/aspro/oneclickbuy.max/script.php (889)
СМС на номер +7 (918) 111-11-11: Вы создали заказ №185844 на сумму 7 449.60 р.

2024-09-12 13:14:57 /home/bitrix/ext_www/yugkabel.ru/bitrix/templates/aspro_max/components/bitrix/sale.order.ajax/new_order_SKLADI/confirm.php (46)
СМС на номер +79183677701: Вы создали заказ №185860 на сумму 6326.34 руб. Наш сотрудник свяжется с вами в течении 30 минут

2024-09-12 13:17:56 /home/bitrix/ext_www/yugkabel.ru/bitrix/templates/aspro_max/components/bitrix/sale.order.ajax/new_order_SKLADI/confirm.php (46)
СМС на номер +79280381334: Вы создали заказ №184852 на сумму 2535.77 руб. Наш сотрудник свяжется с вами в течении 30 минут

2024-09-12 13:18:08 /home/bitrix/ext_www/yugkabel.ru/bitrix/templates/aspro_max/components/bitrix/sale.order.ajax/new_order_SKLADI/confirm.php (46)
СМС на номер +79280381334: Вы создали заказ №184851 на сумму 5757.41 руб. Наш сотрудник свяжется с вами в течении 30 минут

2024-09-12 14:01:10 /home/bitrix/ext_www/yugkabel.ru/bitrix/templates/aspro_max/components/bitrix/sale.order.ajax/new_order_SKLADI/confirm.php (46)
СМС на номер +79280381334: Вы создали заказ №185877 на сумму 1555.4 руб. Наш сотрудник свяжется с вами в течении 30 минут

2024-09-12 14:37:37 /home/bitrix/ext_www/yugkabel.ru/inc/ajax/generateCode.php (36)
СМС на номер 9061871636: 239

2024-09-12 14:39:28 /home/bitrix/ext_www/yugkabel.ru/bitrix/templates/aspro_max/components/bitrix/sale.order.ajax/new_order_SKLADI/confirm.php (46)
СМС на номер +9061871636: Вы создали заказ №185888 на сумму 315.44 руб. Наш сотрудник свяжется с вами в течении 30 минут

2024-09-12 14:51:24 /home/bitrix/ext_www/yugkabel.ru/bitrix/templates/aspro_max/components/bitrix/sale.order.ajax/new_order_SKLADI/confirm.php (46)
СМС на номер +9184353590: Вы создали заказ №185889 на сумму 386.44 руб. Наш сотрудник свяжется с вами в течении 30 минут

2024-09-12 14:57:33 /home/bitrix/ext_www/yugkabel.ru/bitrix/templates/aspro_max/components/bitrix/sale.order.ajax/new_order_SKLADI/confirm.php (46)
СМС на номер +9061871636: Вы создали заказ №185892 на сумму 315.44 руб. Наш сотрудник свяжется с вами в течении 30 минут

2024-09-12 15:18:47 /home/bitrix/ext_www/yugkabel.ru/bitrix/templates/aspro_max/components/bitrix/sale.order.ajax/new_order_SKLADI/confirm.php (46)
СМС на номер +9061871636: Вы создали заказ №185893 на сумму 315.44 руб. Наш сотрудник свяжется с вами в течении 30 минут

2024-09-12 15:30:54 /home/bitrix/ext_www/yugkabel.ru/bitrix/templates/aspro_max/components/bitrix/sale.order.ajax/new_order_SKLADI/confirm.php (46)
СМС на номер +9061871636: Вы создали заказ №185894 на сумму 1907.4 руб. Наш сотрудник свяжется с вами в течении 30 минут

2024-09-12 15:33:39 /home/bitrix/ext_www/yugkabel.ru/bitrix/components/aspro/oneclickbuy.max/script.php (889)
СМС на номер 9615182454: Вы создали заказ №185902 на сумму 762.20 р.

2024-09-12 18:03:16 /home/bitrix/ext_www/yugkabel.ru/bitrix/templates/aspro_max/components/bitrix/sale.order.ajax/new_order_SKLADI/confirm.php (46)
СМС на номер +79528433309: Вы создали заказ №185919 на сумму 22862.33 руб. Наш сотрудник свяжется с вами в течении 30 минут

2024-09-12 18:21:23 /home/bitrix/ext_www/yugkabel.ru/bitrix/templates/aspro_max/components/bitrix/sale.order.ajax/new_order_SKLADI/confirm.php (46)
СМС на номер +79615996859: Вы создали заказ №185920 на сумму 6.6 руб. Наш сотрудник свяжется с вами в течении 30 минут

2024-09-12 21:10:35 /home/bitrix/ext_www/yugkabel.ru/bitrix/templates/aspro_max/components/bitrix/sale.order.ajax/new_order_SKLADI/confirm.php (46)
СМС на номер +79280381334: Вы создали заказ №184852 на сумму 2535.77 руб. Наш сотрудник свяжется с вами завтра с 8 до 9 часов утра

2024-09-12 21:10:36 /home/bitrix/ext_www/yugkabel.ru/bitrix/templates/aspro_max/components/bitrix/sale.order.ajax/new_order_SKLADI/confirm.php (46)
СМС на номер +79280381334: Вы создали заказ №184851 на сумму 5757.41 руб. Наш сотрудник свяжется с вами завтра с 8 до 9 часов утра

2024-09-12 22:36:45 /home/bitrix/ext_www/yugkabel.ru/bitrix/templates/aspro_max/components/bitrix/sale.order.ajax/new_order_SKLADI/confirm.php (46)
СМС на номер +79189531683: Вы создали заказ №185924 на сумму 917.84 руб. Наш сотрудник свяжется с вами завтра с 8 до 9 часов утра

2024-09-12 22:41:05 /home/bitrix/ext_www/yugkabel.ru/bitrix/templates/aspro_max/components/bitrix/sale.order.ajax/new_order_SKLADI/confirm.php (46)
СМС на номер +79189531683: Вы создали заказ №185924 на сумму 917.84 руб. Наш сотрудник свяжется с вами завтра с 8 до 9 часов утра

2024-09-13 00:42:25 /home/bitrix/ext_www/yugkabel.ru/bitrix/templates/aspro_max/components/bitrix/sale.order.ajax/new_order_SKLADI/confirm.php (46)
СМС на номер +9180482979: Вы создали заказ №185925 на сумму 86.62 руб. Наш сотрудник свяжется с вами утром с 8 до 9 часов

2024-09-13 00:46:12 /home/bitrix/ext_www/yugkabel.ru/bitrix/templates/aspro_max/components/bitrix/sale.order.ajax/new_order_SKLADI/confirm.php (46)
СМС на номер +9180482979: Вы создали заказ №185925 на сумму 86.62 руб. Наш сотрудник свяжется с вами утром с 8 до 9 часов

2024-09-13 00:53:58 /home/bitrix/ext_www/yugkabel.ru/bitrix/components/aspro/oneclickbuy.max/script.php (889)
СМС на номер 9180482979: Вы создали заказ №185926 на сумму 86.62 р.

2024-09-13 07:22:24 /home/bitrix/ext_www/yugkabel.ru/bitrix/templates/aspro_max/components/bitrix/sale.order.ajax/new_order_SKLADI/confirm.php (46)
СМС на номер +79676626994: Вы создали заказ №185927 на сумму 2776 руб. Наш сотрудник свяжется с вами утром с 8 до 9 часов

2024-09-13 07:54:00 /home/bitrix/ext_www/yugkabel.ru/bitrix/templates/aspro_max/components/bitrix/sale.order.ajax/new_order_SKLADI/confirm.php (46)
СМС на номер +79676626994: Вы создали заказ №185927 на сумму 2776 руб. Наш сотрудник свяжется с вами утром с 8 до 9 часов

2024-09-13 08:05:13 /home/bitrix/ext_www/yugkabel.ru/bitrix/templates/aspro_max/components/bitrix/sale.order.ajax/new_order_SKLADI/confirm.php (46)
СМС на номер +79002679240: Вы создали заказ №185929 на сумму 4873.97 руб. Наш сотрудник свяжется с вами в течении 30 минут

2024-09-13 08:16:52 /home/bitrix/ext_www/yugkabel.ru/inc/ajax/generateCode.php (36)
СМС на номер 9284244584: 190

2024-09-13 09:16:16 /home/bitrix/ext_www/yugkabel.ru/inc/ajax/generateCode.php (36)
СМС на номер 9933207521: 176

2024-09-13 09:56:41 /home/bitrix/ext_www/yugkabel.ru/inc/ajax/generateCode.php (36)
СМС на номер 9189650865: 222

2024-09-13 10:00:14 /home/bitrix/ext_www/yugkabel.ru/bitrix/templates/aspro_max/components/bitrix/sale.order.ajax/new_order_SKLADI/confirm.php (46)
СМС на номер +9189650865: Вы создали заказ №185957 на сумму 2020.51 руб. Наш сотрудник свяжется с вами в течении 30 минут

2024-09-13 10:09:48 /home/bitrix/ext_www/yugkabel.ru/bitrix/templates/aspro_max/components/bitrix/sale.order.ajax/new_order_SKLADI/confirm.php (46)
СМС на номер +79615828284: Вы создали заказ №185960 на сумму 1934.2 руб. Наш сотрудник свяжется с вами в течении 30 минут

2024-09-13 11:27:47 /home/bitrix/ext_www/yugkabel.ru/bitrix/templates/aspro_max/components/bitrix/sale.order.ajax/new_order_SKLADI/confirm.php (46)
СМС на номер +9628571234: Вы создали заказ №185972 на сумму 308.3 руб. Наш сотрудник свяжется с вами в течении 30 минут

2024-09-13 11:45:04 /home/bitrix/ext_www/yugkabel.ru/bitrix/templates/aspro_max/components/bitrix/sale.order.ajax/new_order_SKLADI/confirm.php (46)
СМС на номер +9284244584: Вы создали заказ №185977 на сумму 7066.95 руб. Наш сотрудник свяжется с вами в течении 30 минут

2024-09-13 11:45:45 /home/bitrix/ext_www/yugkabel.ru/bitrix/templates/aspro_max/components/bitrix/sale.order.ajax/new_order_SKLADI/confirm.php (46)
СМС на номер +9284244584: Вы создали заказ №185978 на сумму 480.92 руб. Наш сотрудник свяжется с вами в течении 30 минут

2024-09-13 13:32:31 /home/bitrix/ext_www/yugkabel.ru/bitrix/templates/aspro_max/components/bitrix/sale.order.ajax/new_order_SKLADI/confirm.php (46)
СМС на номер +79182300530: Вы создали заказ №185993 на сумму 2496.9 руб. Наш сотрудник свяжется с вами в течении 30 минут

2024-09-13 14:21:55 /home/bitrix/ext_www/yugkabel.ru/bitrix/templates/aspro_max/components/bitrix/sale.order.ajax/new_order_SKLADI/confirm.php (46)
СМС на номер +9184113748: Вы создали заказ №186001 на сумму 1574.19 руб. Наш сотрудник свяжется с вами в течении 30 минут

2024-09-13 14:58:12 /home/bitrix/ext_www/yugkabel.ru/inc/ajax/generateCode.php (36)
СМС на номер 9003346868: 196

2024-09-13 14:59:07 /home/bitrix/ext_www/yugkabel.ru/bitrix/components/aspro/oneclickbuy.max/script.php (889)
СМС на номер 9003346868: Вы создали заказ №186007 на сумму 562 р.

2024-09-13 15:06:51 /home/bitrix/ext_www/yugkabel.ru/bitrix/templates/aspro_max/components/bitrix/sale.order.ajax/new_order_SKLADI/confirm.php (46)
СМС на номер +79183643463: Вы создали заказ №186009 на сумму 2619.8 руб. Наш сотрудник свяжется с вами в течении 30 минут

2024-09-13 15:20:18 /home/bitrix/ext_www/yugkabel.ru/bitrix/templates/aspro_max/components/bitrix/sale.order.ajax/new_order_SKLADI/confirm.php (46)
СМС на номер +79183643463: Вы создали заказ №186015 на сумму 1906.8 руб. Наш сотрудник свяжется с вами в течении 30 минут

2024-09-13 17:32:32 /home/bitrix/ext_www/yugkabel.ru/bitrix/templates/aspro_max/components/bitrix/sale.order.ajax/new_order_SKLADI/confirm.php (46)
СМС на номер +9615214000: Вы создали заказ №186036 на сумму 5761.6 руб. Наш сотрудник свяжется с вами в течении 30 минут

2024-09-14 08:46:51 /home/bitrix/ext_www/yugkabel.ru/bitrix/templates/aspro_max/components/bitrix/sale.order.ajax/new_order_SKLADI/confirm.php (46)
СМС на номер +79182300530: Вы создали заказ №186053 на сумму 9421.57 руб. Наш сотрудник свяжется с вами в течении 30 минут

2024-09-14 08:51:42 /home/bitrix/ext_www/yugkabel.ru/bitrix/templates/aspro_max/components/bitrix/sale.order.ajax/new_order_SKLADI/confirm.php (46)
СМС на номер +79034571273: Вы создали заказ №186057 на сумму 670.8 руб. Наш сотрудник свяжется с вами в течении 30 минут

2024-09-14 09:12:58 /home/bitrix/ext_www/yugkabel.ru/bitrix/templates/aspro_max/components/bitrix/sale.order.ajax/new_order_SKLADI/confirm.php (46)
СМС на номер +79034571273: Вы создали заказ №186061 на сумму 1228.93 руб. Наш сотрудник свяжется с вами в течении 30 минут

2024-09-14 10:49:38 /home/bitrix/ext_www/yugkabel.ru/bitrix/templates/aspro_max/components/bitrix/sale.order.ajax/new_order_SKLADI/confirm.php (46)
СМС на номер +79898501100: Вы создали заказ №186082 на сумму 785.28 руб. Наш сотрудник свяжется с вами в течении 30 минут

2024-09-14 12:51:31 /home/bitrix/ext_www/yugkabel.ru/bitrix/templates/aspro_max/components/bitrix/sale.order.ajax/new_order_SKLADI/confirm.php (46)
СМС на номер +79184833338: Вы создали заказ №186109 на сумму 22.58 руб. Наш сотрудник свяжется с вами в течении 30 минут

2024-09-14 13:23:35 /home/bitrix/ext_www/yugkabel.ru/bitrix/templates/aspro_max/components/bitrix/sale.order.ajax/new_order_SKLADI/confirm.php (46)
СМС на номер +79034571273: Вы создали заказ №186117 на сумму 419 руб. Наш сотрудник свяжется с вами в течении 30 минут

2024-09-14 14:14:20 /home/bitrix/ext_www/yugkabel.ru/bitrix/templates/aspro_max/components/bitrix/sale.order.ajax/new_order_SKLADI/confirm.php (46)
СМС на номер +79034571273: Вы создали заказ №186057 на сумму 670.8 руб. Наш сотрудник свяжется с вами в течении 30 минут

2024-09-14 14:14:20 /home/bitrix/ext_www/yugkabel.ru/bitrix/templates/aspro_max/components/bitrix/sale.order.ajax/new_order_SKLADI/confirm.php (46)
СМС на номер +79034571273: Вы создали заказ №186061 на сумму 1228.93 руб. Наш сотрудник свяжется с вами в течении 30 минут

2024-09-14 14:42:58 /home/bitrix/ext_www/yugkabel.ru/bitrix/templates/aspro_max/components/bitrix/sale.order.ajax/new_order_SKLADI/confirm.php (46)
СМС на номер +79181996511: Вы создали заказ №186132 на сумму 382.32 руб. Наш сотрудник свяжется с вами в течении 30 минут

2024-09-14 15:53:18 /home/bitrix/ext_www/yugkabel.ru/bitrix/components/aspro/oneclickbuy.max/script.php (889)
СМС на номер +7 (918) 361-82-50: Вы создали заказ №186147 на сумму 777.27 р.

2024-09-14 18:10:05 /home/bitrix/ext_www/yugkabel.ru/bitrix/templates/aspro_max/components/bitrix/sale.order.ajax/new_order_SKLADI/confirm.php (46)
СМС на номер +79528433309: Вы создали заказ №186164 на сумму 23.6 руб. Наш сотрудник свяжется с вами завтра с 8 до 9 часов утра

2024-09-14 19:54:46 /home/bitrix/ext_www/yugkabel.ru/bitrix/templates/aspro_max/components/bitrix/sale.order.ajax/new_order_SKLADI/confirm.php (46)
СМС на номер +79184388499: Вы создали заказ №186165 на сумму 33.64 руб. Наш сотрудник свяжется с вами завтра с 8 до 9 часов утра

2024-09-14 20:51:38 /home/bitrix/ext_www/yugkabel.ru/bitrix/templates/aspro_max/components/bitrix/sale.order.ajax/new_order_SKLADI/confirm.php (46)
СМС на номер +79528748623: Вы создали заказ №186166 на сумму 450.14 руб. Наш сотрудник свяжется с вами завтра с 8 до 9 часов утра

2024-09-14 20:56:49 /home/bitrix/ext_www/yugkabel.ru/bitrix/templates/aspro_max/components/bitrix/sale.order.ajax/new_order_SKLADI/confirm.php (46)
СМС на номер +79528748623: Вы создали заказ №186167 на сумму 339.9 руб. Наш сотрудник свяжется с вами завтра с 8 до 9 часов утра

2024-09-14 21:43:18 /home/bitrix/ext_www/yugkabel.ru/bitrix/templates/aspro_max/components/bitrix/sale.order.ajax/new_order_SKLADI/confirm.php (46)
СМС на номер +79183423822: Вы создали заказ №186168 на сумму 104.55 руб. Наш сотрудник свяжется с вами завтра с 8 до 9 часов утра

2024-09-14 22:23:37 /home/bitrix/ext_www/yugkabel.ru/bitrix/templates/aspro_max/components/bitrix/sale.order.ajax/new_order_SKLADI/confirm.php (46)
СМС на номер +79183423822: Вы создали заказ №186169 на сумму 58.78 руб. Наш сотрудник свяжется с вами завтра с 8 до 9 часов утра

2024-09-15 08:54:59 /home/bitrix/ext_www/yugkabel.ru/inc/ajax/generateCode.php (36)
СМС на номер 9183245298: 191

2024-09-15 08:56:41 /home/bitrix/ext_www/yugkabel.ru/bitrix/templates/aspro_max/components/bitrix/sale.order.ajax/new_order_SKLADI/confirm.php (46)
СМС на номер +9183245298: Вы создали заказ №186176 на сумму 2109.48 руб. Наш сотрудник свяжется с вами в течении 30 минут

2024-09-15 10:24:22 /home/bitrix/ext_www/yugkabel.ru/bitrix/templates/aspro_max/components/bitrix/sale.order.ajax/new_order_SKLADI/confirm.php (46)
СМС на номер +79528748623: Вы создали заказ №186192 на сумму 108.24 руб. Наш сотрудник свяжется с вами в течении 30 минут

2024-09-15 10:55:08 /home/bitrix/ext_www/yugkabel.ru/bitrix/templates/aspro_max/components/bitrix/sale.order.ajax/new_order_SKLADI/confirm.php (46)
СМС на номер +9227975200: Вы создали заказ №186193 на сумму 1278.08 руб. Наш сотрудник свяжется с вами в течении 30 минут

2024-09-15 12:25:45 /home/bitrix/ext_www/yugkabel.ru/bitrix/templates/aspro_max/components/bitrix/sale.order.ajax/new_order_SKLADI/confirm.php (46)
СМС на номер +79181996511: Вы создали заказ №186207 на сумму 141.6 руб. Наш сотрудник свяжется с вами в течении 30 минут

2024-09-15 15:26:50 /home/bitrix/ext_www/yugkabel.ru/bitrix/templates/aspro_max/components/bitrix/sale.order.ajax/new_order_SKLADI/confirm.php (46)
СМС на номер +79615242080: Вы создали заказ №186243 на сумму 23146.58 руб. Наш сотрудник свяжется с вами в течении 30 минут

2024-09-15 16:59:34 /home/bitrix/ext_www/yugkabel.ru/inc/ajax/generateCode.php (36)
СМС на номер 9189184546: 186

2024-09-15 17:01:17 /home/bitrix/ext_www/yugkabel.ru/inc/ajax/generateCode.php (36)
СМС на номер 9189184546: 186

2024-09-15 20:23:26 /home/bitrix/ext_www/yugkabel.ru/bitrix/templates/aspro_max/components/bitrix/sale.order.ajax/new_order_SKLADI/confirm.php (46)
СМС на номер +79184539742: Вы создали заказ №186254 на сумму 1636.55 руб. Наш сотрудник свяжется с вами завтра с 8 до 9 часов утра

2024-09-15 22:52:11 /home/bitrix/ext_www/yugkabel.ru/inc/ajax/generateCode.php (36)
СМС на номер 9180108266: 172

2024-09-15 22:59:59 /home/bitrix/ext_www/yugkabel.ru/bitrix/templates/aspro_max/components/bitrix/sale.order.ajax/new_order_SKLADI/confirm.php (46)
СМС на номер +9180108266: Вы создали заказ №186255 на сумму 1378.6 руб. Наш сотрудник свяжется с вами завтра с 8 до 9 часов утра

2024-09-16 09:44:57 /home/bitrix/ext_www/yugkabel.ru/bitrix/templates/aspro_max/components/bitrix/sale.order.ajax/new_order_SKLADI/confirm.php (46)
СМС на номер +79182220729: Вы создали заказ №186274 на сумму 16564.91 руб. Наш сотрудник свяжется с вами в течении 30 минут

2024-09-16 11:33:27 /home/bitrix/ext_www/yugkabel.ru/bitrix/templates/aspro_max/components/bitrix/sale.order.ajax/new_order_SKLADI/confirm.php (46)
СМС на номер +79180763825: Вы создали заказ №186296 на сумму 686.66 руб. Наш сотрудник свяжется с вами в течении 30 минут

2024-09-16 11:51:34 /home/bitrix/ext_www/yugkabel.ru/bitrix/templates/aspro_max/components/bitrix/sale.order.ajax/new_order_SKLADI/confirm.php (46)
СМС на номер +79180763825: Вы создали заказ №186297 на сумму 181.68 руб. Наш сотрудник свяжется с вами в течении 30 минут

2024-09-16 11:58:50 /home/bitrix/ext_www/yugkabel.ru/bitrix/templates/aspro_max/components/bitrix/sale.order.ajax/new_order_SKLADI/confirm.php (46)
СМС на номер +79180763825: Вы создали заказ №186297 на сумму 181.68 руб. Наш сотрудник свяжется с вами в течении 30 минут

2024-09-16 12:00:50 /home/bitrix/ext_www/yugkabel.ru/bitrix/templates/aspro_max/components/bitrix/sale.order.ajax/new_order_SKLADI/confirm.php (46)
СМС на номер +79180763825: Вы создали заказ №186297 на сумму 181.68 руб. Наш сотрудник свяжется с вами в течении 30 минут

2024-09-16 15:16:52 /home/bitrix/ext_www/yugkabel.ru/bitrix/components/aspro/oneclickbuy.max/script.php (889)
СМС на номер +7 (918) 111-11-11: Вы создали заказ №186345 на сумму 72.27 р.

2024-09-16 15:21:32 /home/bitrix/ext_www/yugkabel.ru/bitrix/templates/aspro_max/components/bitrix/sale.order.ajax/new_order_SKLADI/confirm.php (46)
СМС на номер +79184397097: Вы создали заказ №186347 на сумму 687.06 руб. Наш сотрудник свяжется с вами в течении 30 минут

2024-09-16 16:30:32 /home/bitrix/ext_www/yugkabel.ru/bitrix/templates/aspro_max/components/bitrix/sale.order.ajax/new_order_SKLADI/confirm.php (46)
СМС на номер +79180245939: Вы создали заказ №186360 на сумму 941.88 руб. Наш сотрудник свяжется с вами в течении 30 минут

2024-09-16 18:25:27 /home/bitrix/ext_www/yugkabel.ru/bitrix/templates/aspro_max/components/bitrix/sale.order.ajax/new_order_SKLADI/confirm.php (46)
СМС на номер +79604882738: Вы создали заказ №186376 на сумму 29019.42 руб. Наш сотрудник свяжется с вами в течении 30 минут

2024-09-16 20:48:56 /home/bitrix/ext_www/yugkabel.ru/bitrix/templates/aspro_max/components/bitrix/sale.order.ajax/new_order_SKLADI/confirm.php (46)
СМС на номер +79183423822: Вы создали заказ №186381 на сумму 3619.21 руб. Наш сотрудник свяжется с вами завтра с 8 до 9 часов утра

2024-09-16 20:57:23 /home/bitrix/ext_www/yugkabel.ru/bitrix/templates/aspro_max/components/bitrix/sale.order.ajax/new_order_SKLADI/confirm.php (46)
СМС на номер +79183423822: Вы создали заказ №186382 на сумму 1924.22 руб. Наш сотрудник свяжется с вами завтра с 8 до 9 часов утра

2024-09-17 00:39:12 /home/bitrix/ext_www/yugkabel.ru/bitrix/templates/aspro_max/components/bitrix/sale.order.ajax/new_order_SKLADI/confirm.php (46)
СМС на номер +79034534530: Вы создали заказ №186383 на сумму 2600 руб. Наш сотрудник свяжется с вами утром с 8 до 9 часов

2024-09-17 00:58:54 /home/bitrix/ext_www/yugkabel.ru/bitrix/templates/aspro_max/components/bitrix/sale.order.ajax/new_order_SKLADI/confirm.php (46)
СМС на номер +79034534530: Вы создали заказ №186384 на сумму 1989 руб. Наш сотрудник свяжется с вами утром с 8 до 9 часов

2024-09-17 01:02:52 /home/bitrix/ext_www/yugkabel.ru/bitrix/components/aspro/oneclickbuy.max/script.php (889)
СМС на номер 9528308422: Вы создали заказ №186385 на сумму 27 245.36 р.

2024-09-17 01:05:13 /home/bitrix/ext_www/yugkabel.ru/bitrix/components/aspro/oneclickbuy.max/script.php (889)
СМС на номер +7 (995) 224-17-06: Вы создали заказ №186386 на сумму 611.49 р.

2024-09-17 01:17:31 /home/bitrix/ext_www/yugkabel.ru/bitrix/templates/aspro_max/components/bitrix/sale.order.ajax/new_order_SKLADI/confirm.php (46)
СМС на номер +79034534530: Вы создали заказ №186387 на сумму 11934 руб. Наш сотрудник свяжется с вами утром с 8 до 9 часов

2024-09-17 08:11:13 /home/bitrix/ext_www/yugkabel.ru/bitrix/templates/aspro_max/components/bitrix/sale.order.ajax/new_order_SKLADI/confirm.php (46)
СМС на номер +79284173181: Вы создали заказ №186390 на сумму 560.14 руб. Наш сотрудник свяжется с вами в течении 30 минут

2024-09-17 08:33:14 /home/bitrix/ext_www/yugkabel.ru/bitrix/templates/aspro_max/components/bitrix/sale.order.ajax/new_order_SKLADI/confirm.php (46)
СМС на номер +79528308422: Вы создали заказ №186398 на сумму 49861.84 руб. Наш сотрудник свяжется с вами в течении 30 минут

2024-09-17 12:09:09 /home/bitrix/ext_www/yugkabel.ru/bitrix/components/aspro/oneclickbuy.max/script.php (889)
СМС на номер +7 (918) 111-11-11: Вы создали заказ №186459 на сумму 2 261.16 р.

2024-09-17 18:41:51 /home/bitrix/ext_www/yugkabel.ru/inc/ajax/generateCode.php (36)
СМС на номер 9182721025: 220

2024-09-17 20:05:33 /home/bitrix/ext_www/yugkabel.ru/bitrix/templates/aspro_max/components/bitrix/sale.order.ajax/new_order_SKLADI/confirm.php (46)
СМС на номер +79189783917: Вы создали заказ №186536 на сумму 6134.4 руб. Наш сотрудник свяжется с вами завтра с 8 до 9 часов утра
